2022-05-26T22:37:14.084+0900 [DEBUG] [org.gradle.launcher.daemon.bootstrap.DaemonMain] Assuming the daemon was started with following jvm opts: [--add-opens, java.base/java.util=ALL-UNNAMED, --add-opens, java.base/java.lang=ALL-UNNAMED, --add-opens, java.base/java.lang.invoke=ALL-UNNAMED, --add-opens, java.base/java.util=ALL-UNNAMED, --add-opens, java.prefs/java.util.prefs=ALL-UNNAMED, --add-opens, java.prefs/java.util.prefs=ALL-UNNAMED, --add-opens, java.base/java.nio.charset=ALL-UNNAMED, --add-opens, java.base/java.net=ALL-UNNAMED, --add-opens, java.base/java.util.concurrent.atomic=ALL-UNNAMED, -Xmx2048m, -Dfile.encoding=UTF-8, -Duser.country=KR, -Duser.language=ko, -Duser.variant]
2022-05-26T22:37:14.226+0900 [DEBUG] [org.gradle.internal.nativeintegration.services.NativeServices] Native-platform posix files integration is not available. Continuing with fallback.
2022-05-26T22:37:14.238+0900 [INFO] [org.gradle.launcher.daemon.server.Daemon] start() called on daemon - DefaultDaemonContext[uid=a9333ba1-4a25-4501-9097-1516fa436fb2,javaHome=C:\Program Files\Android\Android Studio\jre,daemonRegistryDir=C:\Users\mzmzk\AndroidStudioProjects\mannayo\gradle\wrapper\daemon,pid=15044,idleTimeout=10800000,priority=NORMAL,daemonOpts=--add-opens,java.base/java.util=ALL-UNNAMED,--add-opens,java.base/java.lang=ALL-UNNAMED,--add-opens,java.base/java.lang.invoke=ALL-UNNAMED,--add-opens,java.base/java.util=ALL-UNNAMED,--add-opens,java.prefs/java.util.prefs=ALL-UNNAMED,--add-opens,java.prefs/java.util.prefs=ALL-UNNAMED,--add-opens,java.base/java.nio.charset=ALL-UNNAMED,--add-opens,java.base/java.net=ALL-UNNAMED,--add-opens,java.base/java.util.concurrent.atomic=ALL-UNNAMED,-Xmx2048m,-Dfile.encoding=UTF-8,-Duser.country=KR,-Duser.language=ko,-Duser.variant]
2022-05-26T22:37:15.424+0900 [DEBUG] [org.gradle.internal.remote.internal.inet.InetAddresses] Adding IP addresses for network interface Software Loopback Interface 1
2022-05-26T22:37:15.431+0900 [DEBUG] [org.gradle.internal.remote.internal.inet.InetAddresses] Is this a loopback interface? true
2022-05-26T22:37:15.431+0900 [DEBUG] [org.gradle.internal.remote.internal.inet.InetAddresses] Adding loopback address /127.0.0.1
2022-05-26T22:37:15.431+0900 [DEBUG] [org.gradle.internal.remote.internal.inet.InetAddresses] Adding loopback address /0:0:0:0:0:0:0:1
2022-05-26T22:37:15.432+0900 [DEBUG] [org.gradle.internal.remote.internal.inet.InetAddresses] Adding IP addresses for network interface Microsoft 6to4 Adapter
2022-05-26T22:37:15.439+0900 [DEBUG] [org.gradle.internal.remote.internal.inet.InetAddresses] Is this a loopback interface? false
2022-05-26T22:37:15.440+0900 [DEBUG] [org.gradle.internal.remote.internal.inet.InetAddresses] Adding IP addresses for network interface WAN Miniport (IKEv2)
2022-05-26T22:37:15.447+0900 [DEBUG] [org.gradle.internal.remote.internal.inet.InetAddresses] Is this a loopback interface? false
2022-05-26T22:37:15.447+0900 [DEBUG] [org.gradle.internal.remote.internal.inet.InetAddresses] Adding IP addresses for network interface WAN Miniport (IPv6)
2022-05-26T22:37:15.457+0900 [DEBUG] [org.gradle.internal.remote.internal.inet.InetAddresses] Is this a loopback interface? false
2022-05-26T22:37:15.457+0900 [DEBUG] [org.gradle.internal.remote.internal.inet.InetAddresses] Adding IP addresses for network interface Microsoft IP-HTTPS Platform Adapter
2022-05-26T22:37:15.464+0900 [DEBUG] [org.gradle.internal.remote.internal.inet.InetAddresses] Is this a loopback interface? false
2022-05-26T22:37:15.464+0900 [DEBUG] [org.gradle.internal.remote.internal.inet.InetAddresses] Adding IP addresses for network interface WAN Miniport (IP)
2022-05-26T22:37:15.471+0900 [DEBUG] [org.gradle.internal.remote.internal.inet.InetAddresses] Is this a loopback interface? false
2022-05-26T22:37:15.472+0900 [DEBUG] [org.gradle.internal.remote.internal.inet.InetAddresses] Adding IP addresses for network interface WAN Miniport (SSTP)
2022-05-26T22:37:15.477+0900 [DEBUG] [org.gradle.internal.remote.internal.inet.InetAddresses] Is this a loopback interface? false
2022-05-26T22:37:15.478+0900 [DEBUG] [org.gradle.internal.remote.internal.inet.InetAddresses] Adding IP addresses for network interface Bluetooth Device (Personal Area Network)
2022-05-26T22:37:15.483+0900 [DEBUG] [org.gradle.internal.remote.internal.inet.InetAddresses] Is this a loopback interface? false
2022-05-26T22:37:15.484+0900 [DEBUG] [org.gradle.internal.remote.internal.inet.InetAddresses] Adding remote address /fe80:0:0:0:2ca3:66f3:da79:7181%eth2
2022-05-26T22:37:15.484+0900 [DEBUG] [org.gradle.internal.remote.internal.inet.InetAddresses] Adding IP addresses for network interface Intel(R) Wi-Fi 6E AX210 160MHz
2022-05-26T22:37:15.491+0900 [DEBUG] [org.gradle.internal.remote.internal.inet.InetAddresses] Is this a loopback interface? false
2022-05-26T22:37:15.492+0900 [DEBUG] [org.gradle.internal.remote.internal.inet.InetAddresses] Adding remote address /192.168.0.13
2022-05-26T22:37:15.492+0900 [DEBUG] [org.gradle.internal.remote.internal.inet.InetAddresses] Adding remote address /fe80:0:0:0:f5bd:7d04:4366:dc5a%wlan0
2022-05-26T22:37:15.492+0900 [DEBUG] [org.gradle.internal.remote.internal.inet.InetAddresses] Adding IP addresses for network interface VMware Virtual Ethernet Adapter for VMnet1
2022-05-26T22:37:15.502+0900 [DEBUG] [org.gradle.internal.remote.internal.inet.InetAddresses] Is this a loopback interface? false
2022-05-26T22:37:15.502+0900 [DEBUG] [org.gradle.internal.remote.internal.inet.InetAddresses] Adding remote address /192.168.146.1
2022-05-26T22:37:15.502+0900 [DEBUG] [org.gradle.internal.remote.internal.inet.InetAddresses] Adding remote address /fe80:0:0:0:b127:5c21:151d:28e%eth3
2022-05-26T22:37:15.503+0900 [DEBUG] [org.gradle.internal.remote.internal.inet.InetAddresses] Adding IP addresses for network interface Microsoft Teredo Tunneling Adapter
2022-05-26T22:37:15.513+0900 [DEBUG] [org.gradle.internal.remote.internal.inet.InetAddresses] Is this a loopback interface? false
2022-05-26T22:37:15.514+0900 [DEBUG] [org.gradle.internal.remote.internal.inet.InetAddresses] Adding IP addresses for network interface WAN Miniport (PPTP)
2022-05-26T22:37:15.524+0900 [DEBUG] [org.gradle.internal.remote.internal.inet.InetAddresses] Is this a loopback interface? false
2022-05-26T22:37:15.524+0900 [DEBUG] [org.gradle.internal.remote.internal.inet.InetAddresses] Adding IP addresses for network interface VMware Virtual Ethernet Adapter for VMnet8
2022-05-26T22:37:15.534+0900 [DEBUG] [org.gradle.internal.remote.internal.inet.InetAddresses] Is this a loopback interface? false
2022-05-26T22:37:15.534+0900 [DEBUG] [org.gradle.internal.remote.internal.inet.InetAddresses] Adding remote address /192.168.147.1
2022-05-26T22:37:15.535+0900 [DEBUG] [org.gradle.internal.remote.internal.inet.InetAddresses] Adding remote address /fe80:0:0:0:4d4a:4b0a:d296:ca0a%eth4
2022-05-26T22:37:15.535+0900 [DEBUG] [org.gradle.internal.remote.internal.inet.InetAddresses] Adding IP addresses for network interface Microsoft Kernel Debug Network Adapter
2022-05-26T22:37:15.543+0900 [DEBUG] [org.gradle.internal.remote.internal.inet.InetAddresses] Is this a loopback interface? false
2022-05-26T22:37:15.543+0900 [DEBUG] [org.gradle.internal.remote.internal.inet.InetAddresses] Adding IP addresses for network interface WAN Miniport (Network Monitor)
2022-05-26T22:37:15.550+0900 [DEBUG] [org.gradle.internal.remote.internal.inet.InetAddresses] Is this a loopback interface? false
2022-05-26T22:37:15.550+0900 [DEBUG] [org.gradle.internal.remote.internal.inet.InetAddresses] Adding IP addresses for network interface Microsoft Wi-Fi Direct Virtual Adapter
2022-05-26T22:37:15.556+0900 [DEBUG] [org.gradle.internal.remote.internal.inet.InetAddresses] Is this a loopback interface? false
2022-05-26T22:37:15.556+0900 [DEBUG] [org.gradle.internal.remote.internal.inet.InetAddresses] Adding remote address /fe80:0:0:0:91b8:ae97:6046:865e%wlan1
2022-05-26T22:37:15.557+0900 [DEBUG] [org.gradle.internal.remote.internal.inet.InetAddresses] Adding IP addresses for network interface Microsoft Wi-Fi Direct Virtual Adapter #2
2022-05-26T22:37:15.562+0900 [DEBUG] [org.gradle.internal.remote.internal.inet.InetAddresses] Is this a loopback interface? false
2022-05-26T22:37:15.562+0900 [DEBUG] [org.gradle.internal.remote.internal.inet.InetAddresses] Adding remote address /fe80:0:0:0:bcc5:1f30:9972:174f%wlan2
2022-05-26T22:37:15.563+0900 [DEBUG] [org.gradle.internal.remote.internal.inet.InetAddresses] Adding IP addresses for network interface WAN Miniport (L2TP)
2022-05-26T22:37:15.569+0900 [DEBUG] [org.gradle.internal.remote.internal.inet.InetAddresses] Is this a loopback interface? false
2022-05-26T22:37:15.569+0900 [DEBUG] [org.gradle.internal.remote.internal.inet.InetAddresses] Adding IP addresses for network interface WAN Miniport (PPPOE)
2022-05-26T22:37:15.575+0900 [DEBUG] [org.gradle.internal.remote.internal.inet.InetAddresses] Is this a loopback interface? false
2022-05-26T22:37:15.575+0900 [DEBUG] [org.gradle.internal.remote.internal.inet.InetAddresses] Adding IP addresses for network interface Intel(R) Wi-Fi 6E AX210 160MHz-WFP Native MAC Layer LightWeight Filter-0000
2022-05-26T22:37:15.581+0900 [DEBUG] [org.gradle.internal.remote.internal.inet.InetAddresses] Is this a loopback interface? false
2022-05-26T22:37:15.581+0900 [DEBUG] [org.gradle.internal.remote.internal.inet.InetAddresses] Adding IP addresses for network interface Intel(R) Wi-Fi 6E AX210 160MHz-Virtual WiFi Filter Driver-0000
2022-05-26T22:37:15.589+0900 [DEBUG] [org.gradle.internal.remote.internal.inet.InetAddresses] Is this a loopback interface? false
2022-05-26T22:37:15.589+0900 [DEBUG] [org.gradle.internal.remote.internal.inet.InetAddresses] Adding IP addresses for network interface Intel(R) Wi-Fi 6E AX210 160MHz-Native WiFi Filter Driver-0000
2022-05-26T22:37:15.597+0900 [DEBUG] [org.gradle.internal.remote.internal.inet.InetAddresses] Is this a loopback interface? false
2022-05-26T22:37:15.598+0900 [DEBUG] [org.gradle.internal.remote.internal.inet.InetAddresses] Adding IP addresses for network interface Intel(R) Wi-Fi 6E AX210 160MHz-Nprotect Firewall Core Driver-0000
2022-05-26T22:37:15.606+0900 [DEBUG] [org.gradle.internal.remote.internal.inet.InetAddresses] Is this a loopback interface? false
2022-05-26T22:37:15.606+0900 [DEBUG] [org.gradle.internal.remote.internal.inet.InetAddresses] Adding IP addresses for network interface Intel(R) Wi-Fi 6E AX210 160MHz-QoS Packet Scheduler-0000
2022-05-26T22:37:15.612+0900 [DEBUG] [org.gradle.internal.remote.internal.inet.InetAddresses] Is this a loopback interface? false
2022-05-26T22:37:15.612+0900 [DEBUG] [org.gradle.internal.remote.internal.inet.InetAddresses] Adding IP addresses for network interface Intel(R) Wi-Fi 6E AX210 160MHz-WFP 802.3 MAC Layer LightWeight Filter-0000
2022-05-26T22:37:15.618+0900 [DEBUG] [org.gradle.internal.remote.internal.inet.InetAddresses] Is this a loopback interface? false
2022-05-26T22:37:15.618+0900 [DEBUG] [org.gradle.internal.remote.internal.inet.InetAddresses] Adding IP addresses for network interface Microsoft Wi-Fi Direct Virtual Adapter #2-WFP Native MAC Layer LightWeight Filter-0000
2022-05-26T22:37:15.625+0900 [DEBUG] [org.gradle.internal.remote.internal.inet.InetAddresses] Is this a loopback interface? false
2022-05-26T22:37:15.625+0900 [DEBUG] [org.gradle.internal.remote.internal.inet.InetAddresses] Adding IP addresses for network interface Microsoft Wi-Fi Direct Virtual Adapter-WFP Native MAC Layer LightWeight Filter-0000
2022-05-26T22:37:15.631+0900 [DEBUG] [org.gradle.internal.remote.internal.inet.InetAddresses] Is this a loopback interface? false
2022-05-26T22:37:15.631+0900 [DEBUG] [org.gradle.internal.remote.internal.inet.InetAddresses] Adding IP addresses for network interface WAN Miniport (IP)-WFP Native MAC Layer LightWeight Filter-0000
2022-05-26T22:37:15.637+0900 [DEBUG] [org.gradle.internal.remote.internal.inet.InetAddresses] Is this a loopback interface? false
2022-05-26T22:37:15.637+0900 [DEBUG] [org.gradle.internal.remote.internal.inet.InetAddresses] Adding IP addresses for network interface WAN Miniport (IP)-Nprotect Firewall Core Driver-0000
2022-05-26T22:37:15.642+0900 [DEBUG] [org.gradle.internal.remote.internal.inet.InetAddresses] Is this a loopback interface? false
2022-05-26T22:37:15.643+0900 [DEBUG] [org.gradle.internal.remote.internal.inet.InetAddresses] Adding IP addresses for network interface WAN Miniport (IP)-QoS Packet Scheduler-0000
2022-05-26T22:37:15.648+0900 [DEBUG] [org.gradle.internal.remote.internal.inet.InetAddresses] Is this a loopback interface? false
2022-05-26T22:37:15.648+0900 [DEBUG] [org.gradle.internal.remote.internal.inet.InetAddresses] Adding IP addresses for network interface WAN Miniport (IPv6)-WFP Native MAC Layer LightWeight Filter-0000
2022-05-26T22:37:15.654+0900 [DEBUG] [org.gradle.internal.remote.internal.inet.InetAddresses] Is this a loopback interface? false
2022-05-26T22:37:15.654+0900 [DEBUG] [org.gradle.internal.remote.internal.inet.InetAddresses] Adding IP addresses for network interface WAN Miniport (IPv6)-Nprotect Firewall Core Driver-0000
2022-05-26T22:37:15.660+0900 [DEBUG] [org.gradle.internal.remote.internal.inet.InetAddresses] Is this a loopback interface? false
2022-05-26T22:37:15.660+0900 [DEBUG] [org.gradle.internal.remote.internal.inet.InetAddresses] Adding IP addresses for network interface WAN Miniport (IPv6)-QoS Packet Scheduler-0000
2022-05-26T22:37:15.666+0900 [DEBUG] [org.gradle.internal.remote.internal.inet.InetAddresses] Is this a loopback interface? false
2022-05-26T22:37:15.666+0900 [DEBUG] [org.gradle.internal.remote.internal.inet.InetAddresses] Adding IP addresses for network interface WAN Miniport (Network Monitor)-WFP Native MAC Layer LightWeight Filter-0000
2022-05-26T22:37:15.672+0900 [DEBUG] [org.gradle.internal.remote.internal.inet.InetAddresses] Is this a loopback interface? false
2022-05-26T22:37:15.672+0900 [DEBUG] [org.gradle.internal.remote.internal.inet.InetAddresses] Adding IP addresses for network interface WAN Miniport (Network Monitor)-Nprotect Firewall Core Driver-0000
2022-05-26T22:37:15.678+0900 [DEBUG] [org.gradle.internal.remote.internal.inet.InetAddresses] Is this a loopback interface? false
2022-05-26T22:37:15.678+0900 [DEBUG] [org.gradle.internal.remote.internal.inet.InetAddresses] Adding IP addresses for network interface WAN Miniport (Network Monitor)-QoS Packet Scheduler-0000
2022-05-26T22:37:15.684+0900 [DEBUG] [org.gradle.internal.remote.internal.inet.InetAddresses] Is this a loopback interface? false
2022-05-26T22:37:15.684+0900 [DEBUG] [org.gradle.internal.remote.internal.inet.InetAddresses] Adding IP addresses for network interface Microsoft Wi-Fi Direct Virtual Adapter-Native WiFi Filter Driver-0000
2022-05-26T22:37:15.689+0900 [DEBUG] [org.gradle.internal.remote.internal.inet.InetAddresses] Is this a loopback interface? false
2022-05-26T22:37:15.690+0900 [DEBUG] [org.gradle.internal.remote.internal.inet.InetAddresses] Adding IP addresses for network interface Microsoft Wi-Fi Direct Virtual Adapter-Nprotect Firewall Core Driver-0000
2022-05-26T22:37:15.695+0900 [DEBUG] [org.gradle.internal.remote.internal.inet.InetAddresses] Is this a loopback interface? false
2022-05-26T22:37:15.695+0900 [DEBUG] [org.gradle.internal.remote.internal.inet.InetAddresses] Adding IP addresses for network interface Microsoft Wi-Fi Direct Virtual Adapter-QoS Packet Scheduler-0000
2022-05-26T22:37:15.701+0900 [DEBUG] [org.gradle.internal.remote.internal.inet.InetAddresses] Is this a loopback interface? false
2022-05-26T22:37:15.701+0900 [DEBUG] [org.gradle.internal.remote.internal.inet.InetAddresses] Adding IP addresses for network interface Microsoft Wi-Fi Direct Virtual Adapter-WFP 802.3 MAC Layer LightWeight Filter-0000
2022-05-26T22:37:15.707+0900 [DEBUG] [org.gradle.internal.remote.internal.inet.InetAddresses] Is this a loopback interface? false
2022-05-26T22:37:15.707+0900 [DEBUG] [org.gradle.internal.remote.internal.inet.InetAddresses] Adding IP addresses for network interface Microsoft Wi-Fi Direct Virtual Adapter #2-Native WiFi Filter Driver-0000
2022-05-26T22:37:15.713+0900 [DEBUG] [org.gradle.internal.remote.internal.inet.InetAddresses] Is this a loopback interface? false
2022-05-26T22:37:15.713+0900 [DEBUG] [org.gradle.internal.remote.internal.inet.InetAddresses] Adding IP addresses for network interface Microsoft Wi-Fi Direct Virtual Adapter #2-Nprotect Firewall Core Driver-0000
2022-05-26T22:37:15.719+0900 [DEBUG] [org.gradle.internal.remote.internal.inet.InetAddresses] Is this a loopback interface? false
2022-05-26T22:37:15.719+0900 [DEBUG] [org.gradle.internal.remote.internal.inet.InetAddresses] Adding IP addresses for network interface Microsoft Wi-Fi Direct Virtual Adapter #2-QoS Packet Scheduler-0000
2022-05-26T22:37:15.724+0900 [DEBUG] [org.gradle.internal.remote.internal.inet.InetAddresses] Is this a loopback interface? false
2022-05-26T22:37:15.725+0900 [DEBUG] [org.gradle.internal.remote.internal.inet.InetAddresses] Adding IP addresses for network interface Microsoft Wi-Fi Direct Virtual Adapter #2-WFP 802.3 MAC Layer LightWeight Filter-0000
2022-05-26T22:37:15.730+0900 [DEBUG] [org.gradle.internal.remote.internal.inet.InetAddresses] Is this a loopback interface? false
2022-05-26T22:37:15.733+0900 [DEBUG] [org.gradle.internal.remote.internal.inet.TcpIncomingConnector] Listening on [7cc935ea-7d78-4f47-8ad7-b5764c85cdc6 port:1308, addresses:[localhost/127.0.0.1]].
2022-05-26T22:37:15.741+0900 [DEBUG] [org.gradle.launcher.daemon.server.Daemon] Daemon starting at: Thu May 26 22:37:15 KST 2022, with address: [7cc935ea-7d78-4f47-8ad7-b5764c85cdc6 port:1308, addresses:[localhost/127.0.0.1]]
2022-05-26T22:37:15.741+0900 [INFO] [org.gradle.launcher.daemon.server.DaemonRegistryUpdater] Advertising the daemon address to the clients: [7cc935ea-7d78-4f47-8ad7-b5764c85cdc6 port:1308, addresses:[localhost/127.0.0.1]]
2022-05-26T22:37:15.742+0900 [DEBUG] [org.gradle.launcher.daemon.server.DaemonRegistryUpdater] Advertised daemon context: DefaultDaemonContext[uid=a9333ba1-4a25-4501-9097-1516fa436fb2,javaHome=C:\Program Files\Android\Android Studio\jre,daemonRegistryDir=C:\Users\mzmzk\AndroidStudioProjects\mannayo\gradle\wrapper\daemon,pid=15044,idleTimeout=10800000,priority=NORMAL,daemonOpts=--add-opens,java.base/java.util=ALL-UNNAMED,--add-opens,java.base/java.lang=ALL-UNNAMED,--add-opens,java.base/java.lang.invoke=ALL-UNNAMED,--add-opens,java.base/java.util=ALL-UNNAMED,--add-opens,java.prefs/java.util.prefs=ALL-UNNAMED,--add-opens,java.prefs/java.util.prefs=ALL-UNNAMED,--add-opens,java.base/java.nio.charset=ALL-UNNAMED,--add-opens,java.base/java.net=ALL-UNNAMED,--add-opens,java.base/java.util.concurrent.atomic=ALL-UNNAMED,-Xmx2048m,-Dfile.encoding=UTF-8,-Duser.country=KR,-Duser.language=ko,-Duser.variant]
2022-05-26T22:37:15.743+0900 [DEBUG] [org.gradle.launcher.daemon.registry.PersistentDaemonRegistry] Storing daemon address: [7cc935ea-7d78-4f47-8ad7-b5764c85cdc6 port:1308, addresses:[localhost/127.0.0.1]], context: DefaultDaemonContext[uid=a9333ba1-4a25-4501-9097-1516fa436fb2,javaHome=C:\Program Files\Android\Android Studio\jre,daemonRegistryDir=C:\Users\mzmzk\AndroidStudioProjects\mannayo\gradle\wrapper\daemon,pid=15044,idleTimeout=10800000,priority=NORMAL,daemonOpts=--add-opens,java.base/java.util=ALL-UNNAMED,--add-opens,java.base/java.lang=ALL-UNNAMED,--add-opens,java.base/java.lang.invoke=ALL-UNNAMED,--add-opens,java.base/java.util=ALL-UNNAMED,--add-opens,java.prefs/java.util.prefs=ALL-UNNAMED,--add-opens,java.prefs/java.util.prefs=ALL-UNNAMED,--add-opens,java.base/java.nio.charset=ALL-UNNAMED,--add-opens,java.base/java.net=ALL-UNNAMED,--add-opens,java.base/java.util.concurrent.atomic=ALL-UNNAMED,-Xmx2048m,-Dfile.encoding=UTF-8,-Duser.country=KR,-Duser.language=ko,-Duser.variant]
2022-05-26T22:37:15.753+0900 [DEBUG] [org.gradle.cache.internal.DefaultFileLockManager] Waiting to acquire exclusive lock on daemon addresses registry.
2022-05-26T22:37:15.757+0900 [DEBUG] [org.gradle.cache.internal.DefaultFileLockManager] Lock acquired on daemon addresses registry.
2022-05-26T22:37:15.763+0900 [DEBUG] [org.gradle.cache.internal.DefaultFileLockManager] Releasing lock on daemon addresses registry.
2022-05-26T22:37:15.764+0900 [LIFECYCLE] [org.gradle.launcher.daemon.server.Daemon] Daemon server started.
2022-05-26T22:37:15.765+0900 [DEBUG] [org.gradle.launcher.daemon.bootstrap.DaemonStartupCommunication] Completed writing the daemon greeting. Closing streams...
2022-05-26T22:37:15.772+0900 [DEBUG] [org.gradle.launcher.daemon.server.Daemon] stopOnExpiration() called on daemon
2022-05-26T22:37:15.773+0900 [DEBUG] [org.gradle.launcher.daemon.server.Daemon] awaitExpiration() called on daemon
2022-05-26T22:37:15.774+0900 [DEBUG] [org.gradle.launcher.daemon.server.DaemonStateCoordinator] daemon is running. Sleeping until state changes.
2022-05-26T22:37:15.782+0900 [DEBUG] [org.gradle.internal.remote.internal.inet.TcpIncomingConnector] Accepted connection from /127.0.0.1:1309 to /127.0.0.1:1308.
2022-05-26T22:37:15.874+0900 [DEBUG] [org.gradle.launcher.daemon.server.SynchronizedDispatchConnection] thread 20: received class org.gradle.launcher.daemon.protocol.Build
2022-05-26T22:37:15.875+0900 [DEBUG] [org.gradle.launcher.daemon.server.DefaultDaemonConnection] thread 20: Received non-IO message from client: Build{id=a2f94cc2-799a-44e9-a7d7-17d3456e6e07, currentDir=C:\Users\mzmzk\AndroidStudioProjects\mannayo}
2022-05-26T22:37:15.876+0900 [INFO] [org.gradle.launcher.daemon.server.DefaultIncomingConnectionHandler] Received command: Build{id=a2f94cc2-799a-44e9-a7d7-17d3456e6e07, currentDir=C:\Users\mzmzk\AndroidStudioProjects\mannayo}.
2022-05-26T22:37:15.876+0900 [DEBUG] [org.gradle.launcher.daemon.server.DefaultIncomingConnectionHandler] Starting executing command: Build{id=a2f94cc2-799a-44e9-a7d7-17d3456e6e07, currentDir=C:\Users\mzmzk\AndroidStudioProjects\mannayo} with connection: socket connection from /127.0.0.1:1308 to /127.0.0.1:1309.
2022-05-26T22:37:15.883+0900 [DEBUG] [org.gradle.launcher.daemon.server.DaemonStateCoordinator] Command execution: started DaemonCommandExecution[command = Build{id=a2f94cc2-799a-44e9-a7d7-17d3456e6e07, currentDir=C:\Users\mzmzk\AndroidStudioProjects\mannayo}, connection = DefaultDaemonConnection: socket connection from /127.0.0.1:1308 to /127.0.0.1:1309] after 0.0 minutes of idle
2022-05-26T22:37:15.883+0900 [INFO] [org.gradle.launcher.daemon.server.DaemonRegistryUpdater] Marking the daemon as busy, address: [7cc935ea-7d78-4f47-8ad7-b5764c85cdc6 port:1308, addresses:[localhost/127.0.0.1]]
2022-05-26T22:37:15.884+0900 [DEBUG] [org.gradle.launcher.daemon.registry.PersistentDaemonRegistry] Marking busy by address: [7cc935ea-7d78-4f47-8ad7-b5764c85cdc6 port:1308, addresses:[localhost/127.0.0.1]]
2022-05-26T22:37:15.886+0900 [DEBUG] [org.gradle.cache.internal.DefaultFileLockManager] Waiting to acquire exclusive lock on daemon addresses registry.
2022-05-26T22:37:15.888+0900 [DEBUG] [org.gradle.cache.internal.DefaultFileLockManager] Lock acquired on daemon addresses registry.
2022-05-26T22:37:15.891+0900 [DEBUG] [org.gradle.cache.internal.DefaultFileLockManager] Releasing lock on daemon addresses registry.
2022-05-26T22:37:15.892+0900 [DEBUG] [org.gradle.launcher.daemon.server.DaemonStateCoordinator] resetting idle timer
2022-05-26T22:37:15.894+0900 [DEBUG] [org.gradle.launcher.daemon.server.DaemonStateCoordinator] daemon is running. Sleeping until state changes.
2022-05-26T22:37:15.895+0900 [INFO] [org.gradle.launcher.daemon.server.exec.StartBuildOrRespondWithBusy] Daemon is about to start building Build{id=a2f94cc2-799a-44e9-a7d7-17d3456e6e07, currentDir=C:\Users\mzmzk\AndroidStudioProjects\mannayo}. Dispatching build started information...
2022-05-26T22:37:15.896+0900 [DEBUG] [org.gradle.launcher.daemon.server.SynchronizedDispatchConnection] thread 22: dispatching org.gradle.launcher.daemon.protocol.BuildStarted@2a4aaf70
2022-05-26T22:37:15.902+0900 [DEBUG] [org.gradle.launcher.daemon.server.exec.EstablishBuildEnvironment] Configuring env variables: [USERDOMAIN_ROAMINGPROFILE, LOCALAPPDATA, PROCESSOR_LEVEL, USERDOMAIN, LOGONSERVER, SESSIONNAME, ALLUSERSPROFILE, PROCESSOR_ARCHITECTURE, PSModulePath, SystemDrive, OneDrive, APPDATA, USERNAME, ProgramFiles(x86), CommonProgramFiles, Path, RTOOLS40_HOME, PATHEXT, DriverData, OS, OneDriveConsumer, COMPUTERNAME, IntelliJ IDEA Community Edition, PROCESSOR_REVISION, CommonProgramW6432, ComSpec, ProgramData, ProgramW6432, TEMP, HOMEPATH, SystemRoot, PROCESSOR_IDENTIFIER, HOMEDRIVE, USERPROFILE, TMP, CommonProgramFiles(x86), ProgramFiles, PUBLIC, VS160COMCOMNTOOLS, windir, NUMBER_OF_PROCESSORS, =::, IDEA_INITIAL_DIRECTORY, ZES_ENABLE_SYSMAN]
2022-05-26T22:37:15.905+0900 [DEBUG] [org.gradle.launcher.daemon.server.SynchronizedDispatchConnection] thread 20: received class org.gradle.launcher.daemon.protocol.CloseInput
2022-05-26T22:37:15.906+0900 [DEBUG] [org.gradle.launcher.daemon.server.DefaultDaemonConnection] thread 20: Received IO message from client: org.gradle.launcher.daemon.protocol.CloseInput@662ebcdd
2022-05-26T22:37:15.917+0900 [DEBUG] [org.gradle.launcher.daemon.server.exec.LogToClient] About to start relaying all logs to the client via the connection.
2022-05-26T22:37:15.918+0900 [INFO] [org.gradle.launcher.daemon.server.exec.LogToClient] The client will now receive all logging from the daemon (pid: 15044). The daemon log file: C:\Users\mzmzk\AndroidStudioProjects\mannayo\gradle\wrapper\daemon\7.3.3\daemon-15044.out.log
2022-05-26T22:37:15.923+0900 [INFO] [org.gradle.launcher.daemon.server.exec.LogAndCheckHealth] Starting build in new daemon [memory: 2 GiB]
2022-05-26T22:37:15.925+0900 [INFO] [org.gradle.launcher.daemon.server.exec.ForwardClientInput] Closing daemon's stdin at end of input.
2022-05-26T22:37:15.925+0900 [INFO] [org.gradle.launcher.daemon.server.exec.ForwardClientInput] The daemon will no longer process any standard input.
2022-05-26T22:37:15.934+0900 [DEBUG] [org.gradle.launcher.daemon.server.exec.ExecuteBuild] The daemon has started executing the build.
2022-05-26T22:37:15.935+0900 [DEBUG] [org.gradle.launcher.daemon.server.exec.ExecuteBuild] Executing build with daemon context: DefaultDaemonContext[uid=a9333ba1-4a25-4501-9097-1516fa436fb2,javaHome=C:\Program Files\Android\Android Studio\jre,daemonRegistryDir=C:\Users\mzmzk\AndroidStudioProjects\mannayo\gradle\wrapper\daemon,pid=15044,idleTimeout=10800000,priority=NORMAL,daemonOpts=--add-opens,java.base/java.util=ALL-UNNAMED,--add-opens,java.base/java.lang=ALL-UNNAMED,--add-opens,java.base/java.lang.invoke=ALL-UNNAMED,--add-opens,java.base/java.util=ALL-UNNAMED,--add-opens,java.prefs/java.util.prefs=ALL-UNNAMED,--add-opens,java.prefs/java.util.prefs=ALL-UNNAMED,--add-opens,java.base/java.nio.charset=ALL-UNNAMED,--add-opens,java.base/java.net=ALL-UNNAMED,--add-opens,java.base/java.util.concurrent.atomic=ALL-UNNAMED,-Xmx2048m,-Dfile.encoding=UTF-8,-Duser.country=KR,-Duser.language=ko,-Duser.variant]
Build was configured to prefer settings repositories over project repositories but repository 'MavenRepo' was added by build file 'app\build.gradle'
app: 'annotationProcessor' dependencies won't be recognized as kapt annotation processors. Please change the configuration name to 'kapt' for these artifacts: 'com.github.bumptech.glide:compiler:4.11.0'.
w: C:\Users\mzmzk\AndroidStudioProjects\mannayo\app\src\main\java\com\example\mannayoclient\IdFragment.kt: (45, 57): Parameter 'radioGroup' is never used, could be renamed to _
w: C:\Users\mzmzk\AndroidStudioProjects\mannayo\app\src\main\java\com\example\mannayoclient\InformationActivity.kt: (72, 9): 'startActivityForResult(Intent!, Int): Unit' is deprecated. Deprecated in Java
w: C:\Users\mzmzk\AndroidStudioProjects\mannayo\app\src\main\java\com\example\mannayoclient\InformationActivity.kt: (77, 9): 'startActivityForResult(Intent!, Int): Unit' is deprecated. Deprecated in Java
w: C:\Users\mzmzk\AndroidStudioProjects\mannayo\app\src\main\java\com\example\mannayoclient\InformationActivity.kt: (82, 15): 'onActivityResult(Int, Int, Intent?): Unit' is deprecated. Overrides deprecated member in 'androidx.activity.ComponentActivity'. Deprecated in Java
w: C:\Users\mzmzk\AndroidStudioProjects\mannayo\app\src\main\java\com\example\mannayoclient\InformationActivity.kt: (87, 42): Unnecessary safe call on a non-null receiver of type Intent?
w: C:\Users\mzmzk\AndroidStudioProjects\mannayo\app\src\main\java\com\example\mannayoclient\MainHomeFragment.kt: (30, 13): Variable 'id' is never used
w: C:\Users\mzmzk\AndroidStudioProjects\mannayo\app\src\main\java\com\example\mannayoclient\ProfileFragment.kt: (94, 29): Type mismatch: inferred type is String? but String was expected
w: C:\Users\mzmzk\AndroidStudioProjects\mannayo\app\src\main\java\com\example\mannayoclient\ProfileFragment.kt: (174, 9): 'startActivityForResult(Intent!, Int): Unit' is deprecated. Deprecated in Java
w: C:\Users\mzmzk\AndroidStudioProjects\mannayo\app\src\main\java\com\example\mannayoclient\ProfileFragment.kt: (179, 9): 'startActivityForResult(Intent!, Int): Unit' is deprecated. Deprecated in Java
w: C:\Users\mzmzk\AndroidStudioProjects\mannayo\app\src\main\java\com\example\mannayoclient\ProfileFragment.kt: (218, 15): 'onActivityResult(Int, Int, Intent?): Unit' is deprecated. Deprecated in Java
w: C:\Users\mzmzk\AndroidStudioProjects\mannayo\app\src\main\java\com\example\mannayoclient\ProfileFragment.kt: (223, 24): Condition 'myBitmap != null' is always 'true'
w: C:\Users\mzmzk\AndroidStudioProjects\mannayo\app\src\main\java\com\example\mannayoclient\ProfileFragment.kt: (283, 44): 'insertImage(ContentResolver!, Bitmap!, String!, String!): String!' is deprecated. Deprecated in Java
w: C:\Users\mzmzk\AndroidStudioProjects\mannayo\app\src\main\java\com\example\mannayoclient\ProfileFragment.kt: (292, 32): Unnecessary safe call on a non-null receiver of type Uri
w: C:\Users\mzmzk\AndroidStudioProjects\mannayo\app\src\main\java\com\example\mannayoclient\ProfileFragment.kt: (295, 76): 'DATA: String' is deprecated. Deprecated in Java
w: C:\Users\mzmzk\AndroidStudioProjects\mannayo\app\src\main\java\com\example\mannayoclient\ProfileFragment.kt: (303, 42): Parameter 'path' is never used
w: C:\Users\mzmzk\AndroidStudioProjects\mannayo\app\src\main\java\com\example\mannayoclient\ProfileFragment.kt: (304, 99): Type mismatch: inferred type is File? but File was expected
w: C:\Users\mzmzk\AndroidStudioProjects\mannayo\app\src\main\java\com\example\mannayoclient\ProfileFragment.kt: (316, 33): Variable 'receive' is never used
w: C:\Users\mzmzk\AndroidStudioProjects\mannayo\app\src\main\java\com\example\mannayoclient\ProfileFragment.kt: (337, 38): Parameter 'nickname' is never used
w: C:\Users\mzmzk\AndroidStudioProjects\mannayo\app\src\main\java\com\example\mannayoclient\PwFragment.kt: (29, 57): Parameter 'radioGroup' is never used, could be renamed to _
w: C:\Users\mzmzk\AndroidStudioProjects\mannayo\app\src\main\java\com\example\mannayoclient\ReviewWriteFragment.kt: (88, 41): Type mismatch: inferred type is String? but String was expected
w: C:\Users\mzmzk\AndroidStudioProjects\mannayo\app\src\main\java\com\example\mannayoclient\ReviewWriteFragment.kt: (89, 119): Type mismatch: inferred type is File? but File was expected
w: C:\Users\mzmzk\AndroidStudioProjects\mannayo\app\src\main\java\com\example\mannayoclient\ReviewWriteFragment.kt: (96, 41): Name shadowed: receive
w: C:\Users\mzmzk\AndroidStudioProjects\mannayo\app\src\main\java\com\example\mannayoclient\ReviewWriteFragment.kt: (168, 9): 'startActivityForResult(Intent!, Int): Unit' is deprecated. Deprecated in Java
w: C:\Users\mzmzk\AndroidStudioProjects\mannayo\app\src\main\java\com\example\mannayoclient\ReviewWriteFragment.kt: (173, 9): 'startActivityForResult(Intent!, Int): Unit' is deprecated. Deprecated in Java
w: C:\Users\mzmzk\AndroidStudioProjects\mannayo\app\src\main\java\com\example\mannayoclient\ReviewWriteFragment.kt: (178, 15): 'onActivityResult(Int, Int, Intent?): Unit' is deprecated. Deprecated in Java
w: C:\Users\mzmzk\AndroidStudioProjects\mannayo\app\src\main\java\com\example\mannayoclient\ReviewWriteFragment.kt: (183, 44): Unnecessary safe call on a non-null receiver of type Intent?
w: C:\Users\mzmzk\AndroidStudioProjects\mannayo\app\src\main\java\com\example\mannayoclient\ReviewWriteFragment.kt: (184, 28): Condition 'myBitmap != null' is always 'true'
w: C:\Users\mzmzk\AndroidStudioProjects\mannayo\app\src\main\java\com\example\mannayoclient\ReviewWriteFragment.kt: (243, 44): 'insertImage(ContentResolver!, Bitmap!, String!, String!): String!' is deprecated. Deprecated in Java
w: C:\Users\mzmzk\AndroidStudioProjects\mannayo\app\src\main\java\com\example\mannayoclient\ReviewWriteFragment.kt: (252, 32): Unnecessary safe call on a non-null receiver of type Uri
w: C:\Users\mzmzk\AndroidStudioProjects\mannayo\app\src\main\java\com\example\mannayoclient\ReviewWriteFragment.kt: (255, 76): 'DATA: String' is deprecated. Deprecated in Java
w: C:\Users\mzmzk\AndroidStudioProjects\mannayo\app\src\main\java\com\example\mannayoclient\categorylist\CategoryRVAdapter.kt: (69, 17): Variable 'restId' is never used
w: C:\Users\mzmzk\AndroidStudioProjects\mannayo\app\src\main\java\com\example\mannayoclient\categorylist\CategoryRVAdapter.kt: (74, 17): Variable 'countReview' is never used
w: C:\Users\mzmzk\AndroidStudioProjects\mannayo\app\src\main\java\com\example\mannayoclient\categorylist\CategoryRVAdapter.kt: (76, 17): Variable 'countJjim' is never used
w: C:\Users\mzmzk\AndroidStudioProjects\mannayo\app\src\main\java\com\example\mannayoclient\writelist\WriteFragment.kt: (127, 9): 'startActivityForResult(Intent!, Int): Unit' is deprecated. Deprecated in Java
w: C:\Users\mzmzk\AndroidStudioProjects\mannayo\app\src\main\java\com\example\mannayoclient\writelist\WriteFragment.kt: (132, 9): 'startActivityForResult(Intent!, Int): Unit' is deprecated. Deprecated in Java
w: C:\Users\mzmzk\AndroidStudioProjects\mannayo\app\src\main\java\com\example\mannayoclient\writelist\WriteFragment.kt: (171, 15): 'onActivityResult(Int, Int, Intent?): Unit' is deprecated. Deprecated in Java
w: C:\Users\mzmzk\AndroidStudioProjects\mannayo\app\src\main\java\com\example\mannayoclient\writelist\WriteFragment.kt: (176, 42): Unnecessary safe call on a non-null receiver of type Intent?
w: C:\Users\mzmzk\AndroidStudioProjects\mannayo\app\src\main\java\com\example\mannayoclient\writelist\WriteRVAdapter.kt: (36, 23): Parameter 'item' is never used

Deprecated Gradle features were used in this build, making it incompatible with Gradle 8.0.

You can use '--warning-mode all' to show the individual deprecation warnings and determine if they come from your own scripts or plugins.

See https://docs.gradle.org/7.3.3/userguide/command_line_interface.html#sec:command_line_warnings

BUILD SUCCESSFUL in 59s
35 actionable tasks: 15 executed, 20 up-to-date
2022-05-26T22:38:10.797+0900 [DEBUG] [org.gradle.launcher.daemon.server.exec.ExecuteBuild] The daemon has finished executing the build.
2022-05-26T22:38:10.814+0900 [DEBUG] [org.gradle.launcher.daemon.server.DaemonStateCoordinator] daemon is running. Sleeping until state changes.
2022-05-26T22:38:10.814+0900 [DEBUG] [org.gradle.launcher.daemon.server.DaemonStateCoordinator] Command execution: finished waiting for DaemonCommandExecution[command = Build{id=a2f94cc2-799a-44e9-a7d7-17d3456e6e07, currentDir=C:\Users\mzmzk\AndroidStudioProjects\mannayo}, connection = DefaultDaemonConnection: socket connection from /127.0.0.1:1308 to /127.0.0.1:1309]. Result org.gradle.launcher.daemon.server.DaemonStateCoordinator@7ef0af75 with state Busy
2022-05-26T22:38:10.815+0900 [DEBUG] [org.gradle.launcher.daemon.server.DaemonStateCoordinator] Command execution: completed DaemonCommandExecution[command = Build{id=a2f94cc2-799a-44e9-a7d7-17d3456e6e07, currentDir=C:\Users\mzmzk\AndroidStudioProjects\mannayo}, connection = DefaultDaemonConnection: socket connection from /127.0.0.1:1308 to /127.0.0.1:1309]
2022-05-26T22:38:10.815+0900 [DEBUG] [org.gradle.launcher.daemon.server.DaemonStateCoordinator] resetting idle timer
2022-05-26T22:38:10.815+0900 [INFO] [org.gradle.launcher.daemon.server.DaemonRegistryUpdater] Marking the daemon as idle, address: [7cc935ea-7d78-4f47-8ad7-b5764c85cdc6 port:1308, addresses:[localhost/127.0.0.1]]
2022-05-26T22:38:10.815+0900 [DEBUG] [org.gradle.launcher.daemon.registry.PersistentDaemonRegistry] Marking busy by address: [7cc935ea-7d78-4f47-8ad7-b5764c85cdc6 port:1308, addresses:[localhost/127.0.0.1]]
2022-05-26T22:38:10.818+0900 [DEBUG] [org.gradle.cache.internal.DefaultFileLockManager] Waiting to acquire exclusive lock on daemon addresses registry.
2022-05-26T22:38:10.818+0900 [DEBUG] [org.gradle.cache.internal.DefaultFileLockManager] Lock acquired on daemon addresses registry.
2022-05-26T22:38:10.822+0900 [DEBUG] [org.gradle.cache.internal.DefaultFileLockManager] Releasing lock on daemon addresses registry.
2022-05-26T22:38:10.823+0900 [DEBUG] [org.gradle.launcher.daemon.server.DaemonStateCoordinator] daemon is running. Sleeping until state changes.
2022-05-26T22:38:10.824+0900 [DEBUG] [org.gradle.launcher.daemon.server.exec.ReturnResult] Daemon is dispatching the build result: Success[value=org.gradle.launcher.exec.BuildActionResult@1e109a76]
2022-05-26T22:38:10.824+0900 [DEBUG] [org.gradle.launcher.daemon.server.SynchronizedDispatchConnection] thread 19: dispatching Success[value=org.gradle.launcher.exec.BuildActionResult@1e109a76]
2022-05-26T22:38:10.827+0900 [DEBUG] [org.gradle.launcher.daemon.server.SynchronizedDispatchConnection] thread 20: received class org.gradle.launcher.daemon.protocol.Finished
2022-05-26T22:38:10.828+0900 [DEBUG] [org.gradle.launcher.daemon.server.DefaultDaemonConnection] thread 20: Received non-IO message from client: org.gradle.launcher.daemon.protocol.Finished@30b55624
2022-05-26T22:38:10.828+0900 [DEBUG] [org.gradle.internal.remote.internal.inet.SocketConnection] Discarding EOFException: java.io.EOFException
2022-05-26T22:38:10.828+0900 [DEBUG] [org.gradle.launcher.daemon.server.SynchronizedDispatchConnection] thread 20: received null
2022-05-26T22:38:10.829+0900 [DEBUG] [org.gradle.launcher.daemon.server.DefaultDaemonConnection] thread 20: Received end-of-input from client.
2022-05-26T22:38:10.829+0900 [DEBUG] [org.gradle.launcher.daemon.server.DefaultIncomingConnectionHandler] Finishing executing command: Build{id=a2f94cc2-799a-44e9-a7d7-17d3456e6e07, currentDir=C:\Users\mzmzk\AndroidStudioProjects\mannayo}
2022-05-26T22:38:10.832+0900 [DEBUG] [org.gradle.launcher.daemon.server.DefaultIncomingConnectionHandler] Received finished message: null
2022-05-26T22:38:10.833+0900 [DEBUG] [org.gradle.launcher.daemon.server.SynchronizedDispatchConnection] thread 19: stopping connection
2022-05-26T22:38:10.835+0900 [DEBUG] [org.gradle.launcher.daemon.server.SynchronizedDispatchConnection] thread 19: stopping connection
2022-05-26T22:38:15.781+0900 [DEBUG] [org.gradle.cache.internal.DefaultFileLockManager] Waiting to acquire shared lock on daemon addresses registry.
2022-05-26T22:38:15.781+0900 [DEBUG] [org.gradle.cache.internal.DefaultFileLockManager] Lock acquired on daemon addresses registry.
2022-05-26T22:38:15.781+0900 [DEBUG] [org.gradle.cache.internal.DefaultFileLockManager] Releasing lock on daemon addresses registry.
2022-05-26T22:38:15.784+0900 [DEBUG] [org.gradle.cache.internal.DefaultFileLockManager] Waiting to acquire shared lock on daemon addresses registry.
2022-05-26T22:38:15.784+0900 [DEBUG] [org.gradle.cache.internal.DefaultFileLockManager] Lock acquired on daemon addresses registry.
2022-05-26T22:38:15.785+0900 [DEBUG] [org.gradle.cache.internal.DefaultFileLockManager] Releasing lock on daemon addresses registry.
2022-05-26T22:38:18.860+0900 [DEBUG] [sun.rmi.transport.tcp] RMI Scheduler(0): close connection
2022-05-26T22:38:21.246+0900 [DEBUG] [org.gradle.process.internal.health.memory.DefaultMemoryManager] 1683725516 memory requested, 1544437760 free
2022-05-26T22:38:21.246+0900 [DEBUG] [org.gradle.workers.internal.WorkerDaemonExpiration] Will attempt to release 1605 of memory
2022-05-26T22:38:21.248+0900 [DEBUG] [org.gradle.process.internal.health.memory.DefaultMemoryManager] 1683725516 memory requested, 0 released, 1544437760 free
2022-05-26T22:38:25.776+0900 [DEBUG] [org.gradle.cache.internal.DefaultFileLockManager] Waiting to acquire shared lock on daemon addresses registry.
2022-05-26T22:38:25.776+0900 [DEBUG] [org.gradle.cache.internal.DefaultFileLockManager] Lock acquired on daemon addresses registry.
2022-05-26T22:38:25.776+0900 [DEBUG] [org.gradle.cache.internal.DefaultFileLockManager] Releasing lock on daemon addresses registry.
2022-05-26T22:38:25.778+0900 [DEBUG] [org.gradle.cache.internal.DefaultFileLockManager] Waiting to acquire shared lock on daemon addresses registry.
2022-05-26T22:38:25.778+0900 [DEBUG] [org.gradle.cache.internal.DefaultFileLockManager] Lock acquired on daemon addresses registry.
2022-05-26T22:38:25.779+0900 [DEBUG] [org.gradle.cache.internal.DefaultFileLockManager] Releasing lock on daemon addresses registry.
2022-05-26T22:38:25.780+0900 [DEBUG] [org.gradle.cache.internal.DefaultFileLockManager] Waiting to acquire shared lock on daemon addresses registry.
2022-05-26T22:38:25.780+0900 [DEBUG] [org.gradle.cache.internal.DefaultFileLockManager] Lock acquired on daemon addresses registry.
2022-05-26T22:38:25.780+0900 [DEBUG] [org.gradle.cache.internal.DefaultFileLockManager] Releasing lock on daemon addresses registry.
2022-05-26T22:38:26.242+0900 [DEBUG] [org.gradle.process.internal.health.memory.DefaultMemoryManager] 1683725516 memory requested, 1414213632 free
2022-05-26T22:38:26.242+0900 [DEBUG] [org.gradle.workers.internal.WorkerDaemonExpiration] Will attempt to release 1605 of memory
2022-05-26T22:38:26.242+0900 [DEBUG] [org.gradle.process.internal.health.memory.DefaultMemoryManager] 1683725516 memory requested, 0 released, 1414213632 free
2022-05-26T22:38:31.243+0900 [DEBUG] [org.gradle.process.internal.health.memory.DefaultMemoryManager] 1683725516 memory requested, 1408487424 free
2022-05-26T22:38:31.244+0900 [DEBUG] [org.gradle.workers.internal.WorkerDaemonExpiration] Will attempt to release 1605 of memory
2022-05-26T22:38:31.244+0900 [DEBUG] [org.gradle.process.internal.health.memory.DefaultMemoryManager] 1683725516 memory requested, 0 released, 1408487424 free
2022-05-26T22:38:31.601+0900 [DEBUG] [sun.rmi.transport.tcp] RMI TCP Connection(4)-127.0.0.1: (port 1366) connection closed
2022-05-26T22:38:31.601+0900 [DEBUG] [sun.rmi.transport.tcp] RMI TCP Connection(4)-127.0.0.1: close connection
2022-05-26T22:38:32.267+0900 [DEBUG] [sun.rmi.transport.tcp] RMI Scheduler(0): close connection
2022-05-26T22:38:35.784+0900 [DEBUG] [org.gradle.cache.internal.DefaultFileLockManager] Waiting to acquire shared lock on daemon addresses registry.
2022-05-26T22:38:35.784+0900 [DEBUG] [org.gradle.cache.internal.DefaultFileLockManager] Lock acquired on daemon addresses registry.
2022-05-26T22:38:35.784+0900 [DEBUG] [org.gradle.cache.internal.DefaultFileLockManager] Releasing lock on daemon addresses registry.
2022-05-26T22:38:35.786+0900 [DEBUG] [org.gradle.cache.internal.DefaultFileLockManager] Waiting to acquire shared lock on daemon addresses registry.
2022-05-26T22:38:35.786+0900 [DEBUG] [org.gradle.cache.internal.DefaultFileLockManager] Lock acquired on daemon addresses registry.
2022-05-26T22:38:35.787+0900 [DEBUG] [org.gradle.cache.internal.DefaultFileLockManager] Releasing lock on daemon addresses registry.
2022-05-26T22:38:35.788+0900 [DEBUG] [org.gradle.cache.internal.DefaultFileLockManager] Waiting to acquire shared lock on daemon addresses registry.
2022-05-26T22:38:35.788+0900 [DEBUG] [org.gradle.cache.internal.DefaultFileLockManager] Lock acquired on daemon addresses registry.
2022-05-26T22:38:35.788+0900 [DEBUG] [org.gradle.cache.internal.DefaultFileLockManager] Releasing lock on daemon addresses registry.
2022-05-26T22:38:36.246+0900 [DEBUG] [org.gradle.process.internal.health.memory.DefaultMemoryManager] 1683725516 memory requested, 1452163072 free
2022-05-26T22:38:36.246+0900 [DEBUG] [org.gradle.workers.internal.WorkerDaemonExpiration] Will attempt to release 1605 of memory
2022-05-26T22:38:36.246+0900 [DEBUG] [org.gradle.process.internal.health.memory.DefaultMemoryManager] 1683725516 memory requested, 0 released, 1452163072 free
2022-05-26T22:38:41.234+0900 [DEBUG] [org.gradle.process.internal.health.memory.DefaultMemoryManager] 1683725516 memory requested, 1458470912 free
2022-05-26T22:38:41.235+0900 [DEBUG] [org.gradle.workers.internal.WorkerDaemonExpiration] Will attempt to release 1605 of memory
2022-05-26T22:38:41.235+0900 [DEBUG] [org.gradle.process.internal.health.memory.DefaultMemoryManager] 1683725516 memory requested, 0 released, 1458470912 free
2022-05-26T22:38:45.789+0900 [DEBUG] [org.gradle.cache.internal.DefaultFileLockManager] Waiting to acquire shared lock on daemon addresses registry.
2022-05-26T22:38:45.790+0900 [DEBUG] [org.gradle.cache.internal.DefaultFileLockManager] Lock acquired on daemon addresses registry.
2022-05-26T22:38:45.790+0900 [DEBUG] [org.gradle.cache.internal.DefaultFileLockManager] Releasing lock on daemon addresses registry.
2022-05-26T22:38:45.792+0900 [DEBUG] [org.gradle.cache.internal.DefaultFileLockManager] Waiting to acquire shared lock on daemon addresses registry.
2022-05-26T22:38:45.793+0900 [DEBUG] [org.gradle.cache.internal.DefaultFileLockManager] Lock acquired on daemon addresses registry.
2022-05-26T22:38:45.793+0900 [DEBUG] [org.gradle.cache.internal.DefaultFileLockManager] Releasing lock on daemon addresses registry.
2022-05-26T22:38:45.794+0900 [DEBUG] [org.gradle.cache.internal.DefaultFileLockManager] Waiting to acquire shared lock on daemon addresses registry.
2022-05-26T22:38:45.794+0900 [DEBUG] [org.gradle.cache.internal.DefaultFileLockManager] Lock acquired on daemon addresses registry.
2022-05-26T22:38:45.795+0900 [DEBUG] [org.gradle.cache.internal.DefaultFileLockManager] Releasing lock on daemon addresses registry.
2022-05-26T22:38:46.238+0900 [DEBUG] [org.gradle.process.internal.health.memory.DefaultMemoryManager] 1683725516 memory requested, 1420439552 free
2022-05-26T22:38:46.239+0900 [DEBUG] [org.gradle.workers.internal.WorkerDaemonExpiration] Will attempt to release 1605 of memory
2022-05-26T22:38:46.239+0900 [DEBUG] [org.gradle.process.internal.health.memory.DefaultMemoryManager] 1683725516 memory requested, 0 released, 1420439552 free
2022-05-26T22:38:51.233+0900 [DEBUG] [org.gradle.process.internal.health.memory.DefaultMemoryManager] 1683725516 memory requested, 1426575360 free
2022-05-26T22:38:51.233+0900 [DEBUG] [org.gradle.workers.internal.WorkerDaemonExpiration] Will attempt to release 1605 of memory
2022-05-26T22:38:51.233+0900 [DEBUG] [org.gradle.process.internal.health.memory.DefaultMemoryManager] 1683725516 memory requested, 0 released, 1426575360 free
2022-05-26T22:38:55.776+0900 [DEBUG] [org.gradle.cache.internal.DefaultFileLockManager] Waiting to acquire shared lock on daemon addresses registry.
2022-05-26T22:38:55.776+0900 [DEBUG] [org.gradle.cache.internal.DefaultFileLockManager] Lock acquired on daemon addresses registry.
2022-05-26T22:38:55.777+0900 [DEBUG] [org.gradle.cache.internal.DefaultFileLockManager] Releasing lock on daemon addresses registry.
2022-05-26T22:38:55.778+0900 [DEBUG] [org.gradle.cache.internal.DefaultFileLockManager] Waiting to acquire shared lock on daemon addresses registry.
2022-05-26T22:38:55.778+0900 [DEBUG] [org.gradle.cache.internal.DefaultFileLockManager] Lock acquired on daemon addresses registry.
2022-05-26T22:38:55.779+0900 [DEBUG] [org.gradle.cache.internal.DefaultFileLockManager] Releasing lock on daemon addresses registry.
2022-05-26T22:38:55.779+0900 [DEBUG] [org.gradle.cache.internal.DefaultFileLockManager] Waiting to acquire shared lock on daemon addresses registry.
2022-05-26T22:38:55.780+0900 [DEBUG] [org.gradle.cache.internal.DefaultFileLockManager] Lock acquired on daemon addresses registry.
2022-05-26T22:38:55.780+0900 [DEBUG] [org.gradle.cache.internal.DefaultFileLockManager] Releasing lock on daemon addresses registry.
2022-05-26T22:38:56.238+0900 [DEBUG] [org.gradle.process.internal.health.memory.DefaultMemoryManager] 1683725516 memory requested, 1494855680 free
2022-05-26T22:38:56.238+0900 [DEBUG] [org.gradle.workers.internal.WorkerDaemonExpiration] Will attempt to release 1605 of memory
2022-05-26T22:38:56.239+0900 [DEBUG] [org.gradle.process.internal.health.memory.DefaultMemoryManager] 1683725516 memory requested, 0 released, 1494855680 free
2022-05-26T22:39:01.243+0900 [DEBUG] [org.gradle.process.internal.health.memory.DefaultMemoryManager] 1683725516 memory requested, 1456762880 free
2022-05-26T22:39:01.244+0900 [DEBUG] [org.gradle.workers.internal.WorkerDaemonExpiration] Will attempt to release 1605 of memory
2022-05-26T22:39:01.244+0900 [DEBUG] [org.gradle.process.internal.health.memory.DefaultMemoryManager] 1683725516 memory requested, 0 released, 1456762880 free
2022-05-26T22:39:05.785+0900 [DEBUG] [org.gradle.cache.internal.DefaultFileLockManager] Waiting to acquire shared lock on daemon addresses registry.
2022-05-26T22:39:05.786+0900 [DEBUG] [org.gradle.cache.internal.DefaultFileLockManager] Lock acquired on daemon addresses registry.
2022-05-26T22:39:05.786+0900 [DEBUG] [org.gradle.cache.internal.DefaultFileLockManager] Releasing lock on daemon addresses registry.
2022-05-26T22:39:05.788+0900 [DEBUG] [org.gradle.cache.internal.DefaultFileLockManager] Waiting to acquire shared lock on daemon addresses registry.
2022-05-26T22:39:05.789+0900 [DEBUG] [org.gradle.cache.internal.DefaultFileLockManager] Lock acquired on daemon addresses registry.
2022-05-26T22:39:05.789+0900 [DEBUG] [org.gradle.cache.internal.DefaultFileLockManager] Releasing lock on daemon addresses registry.
2022-05-26T22:39:05.790+0900 [DEBUG] [org.gradle.cache.internal.DefaultFileLockManager] Waiting to acquire shared lock on daemon addresses registry.
2022-05-26T22:39:05.790+0900 [DEBUG] [org.gradle.cache.internal.DefaultFileLockManager] Lock acquired on daemon addresses registry.
2022-05-26T22:39:05.791+0900 [DEBUG] [org.gradle.cache.internal.DefaultFileLockManager] Releasing lock on daemon addresses registry.
2022-05-26T22:39:06.246+0900 [DEBUG] [org.gradle.process.internal.health.memory.DefaultMemoryManager] 1683725516 memory requested, 1463779328 free
2022-05-26T22:39:06.247+0900 [DEBUG] [org.gradle.workers.internal.WorkerDaemonExpiration] Will attempt to release 1605 of memory
2022-05-26T22:39:06.247+0900 [DEBUG] [org.gradle.process.internal.health.memory.DefaultMemoryManager] 1683725516 memory requested, 0 released, 1463779328 free
2022-05-26T22:39:11.242+0900 [DEBUG] [org.gradle.process.internal.health.memory.DefaultMemoryManager] 1683725516 memory requested, 1396506624 free
2022-05-26T22:39:11.242+0900 [DEBUG] [org.gradle.workers.internal.WorkerDaemonExpiration] Will attempt to release 1605 of memory
2022-05-26T22:39:11.242+0900 [DEBUG] [org.gradle.process.internal.health.memory.DefaultMemoryManager] 1683725516 memory requested, 0 released, 1396506624 free
2022-05-26T22:39:15.789+0900 [DEBUG] [org.gradle.cache.internal.DefaultFileLockManager] Waiting to acquire shared lock on daemon addresses registry.
2022-05-26T22:39:15.789+0900 [DEBUG] [org.gradle.cache.internal.DefaultFileLockManager] Lock acquired on daemon addresses registry.
2022-05-26T22:39:15.790+0900 [DEBUG] [org.gradle.cache.internal.DefaultFileLockManager] Releasing lock on daemon addresses registry.
2022-05-26T22:39:15.792+0900 [DEBUG] [org.gradle.cache.internal.DefaultFileLockManager] Waiting to acquire shared lock on daemon addresses registry.
2022-05-26T22:39:15.792+0900 [DEBUG] [org.gradle.cache.internal.DefaultFileLockManager] Lock acquired on daemon addresses registry.
2022-05-26T22:39:15.793+0900 [DEBUG] [org.gradle.cache.internal.DefaultFileLockManager] Releasing lock on daemon addresses registry.
2022-05-26T22:39:15.794+0900 [DEBUG] [org.gradle.cache.internal.DefaultFileLockManager] Waiting to acquire shared lock on daemon addresses registry.
2022-05-26T22:39:15.794+0900 [DEBUG] [org.gradle.cache.internal.DefaultFileLockManager] Lock acquired on daemon addresses registry.
2022-05-26T22:39:15.795+0900 [DEBUG] [org.gradle.cache.internal.DefaultFileLockManager] Releasing lock on daemon addresses registry.
2022-05-26T22:39:16.236+0900 [DEBUG] [org.gradle.process.internal.health.memory.DefaultMemoryManager] 1683725516 memory requested, 1442488320 free
2022-05-26T22:39:16.236+0900 [DEBUG] [org.gradle.workers.internal.WorkerDaemonExpiration] Will attempt to release 1605 of memory
2022-05-26T22:39:16.237+0900 [DEBUG] [org.gradle.process.internal.health.memory.DefaultMemoryManager] 1683725516 memory requested, 0 released, 1442488320 free
2022-05-26T22:39:21.239+0900 [DEBUG] [org.gradle.process.internal.health.memory.DefaultMemoryManager] 1683725516 memory requested, 1455927296 free
2022-05-26T22:39:21.239+0900 [DEBUG] [org.gradle.workers.internal.WorkerDaemonExpiration] Will attempt to release 1605 of memory
2022-05-26T22:39:21.239+0900 [DEBUG] [org.gradle.process.internal.health.memory.DefaultMemoryManager] 1683725516 memory requested, 0 released, 1455927296 free
2022-05-26T22:39:25.781+0900 [DEBUG] [org.gradle.cache.internal.DefaultFileLockManager] Waiting to acquire shared lock on daemon addresses registry.
2022-05-26T22:39:25.781+0900 [DEBUG] [org.gradle.cache.internal.DefaultFileLockManager] Lock acquired on daemon addresses registry.
2022-05-26T22:39:25.782+0900 [DEBUG] [org.gradle.cache.internal.DefaultFileLockManager] Releasing lock on daemon addresses registry.
2022-05-26T22:39:25.783+0900 [DEBUG] [org.gradle.cache.internal.DefaultFileLockManager] Waiting to acquire shared lock on daemon addresses registry.
2022-05-26T22:39:25.783+0900 [DEBUG] [org.gradle.cache.internal.DefaultFileLockManager] Lock acquired on daemon addresses registry.
2022-05-26T22:39:25.784+0900 [DEBUG] [org.gradle.cache.internal.DefaultFileLockManager] Releasing lock on daemon addresses registry.
2022-05-26T22:39:25.785+0900 [DEBUG] [org.gradle.cache.internal.DefaultFileLockManager] Waiting to acquire shared lock on daemon addresses registry.
2022-05-26T22:39:25.786+0900 [DEBUG] [org.gradle.cache.internal.DefaultFileLockManager] Lock acquired on daemon addresses registry.
2022-05-26T22:39:25.786+0900 [DEBUG] [org.gradle.cache.internal.DefaultFileLockManager] Releasing lock on daemon addresses registry.
2022-05-26T22:39:26.245+0900 [DEBUG] [org.gradle.process.internal.health.memory.DefaultMemoryManager] 1683725516 memory requested, 1445588992 free
2022-05-26T22:39:26.246+0900 [DEBUG] [org.gradle.workers.internal.WorkerDaemonExpiration] Will attempt to release 1605 of memory
2022-05-26T22:39:26.246+0900 [DEBUG] [org.gradle.process.internal.health.memory.DefaultMemoryManager] 1683725516 memory requested, 0 released, 1445588992 free
2022-05-26T22:39:31.240+0900 [DEBUG] [org.gradle.process.internal.health.memory.DefaultMemoryManager] 1683725516 memory requested, 1446834176 free
2022-05-26T22:39:31.240+0900 [DEBUG] [org.gradle.workers.internal.WorkerDaemonExpiration] Will attempt to release 1605 of memory
2022-05-26T22:39:31.240+0900 [DEBUG] [org.gradle.process.internal.health.memory.DefaultMemoryManager] 1683725516 memory requested, 0 released, 1446834176 free
2022-05-26T22:39:35.788+0900 [DEBUG] [org.gradle.cache.internal.DefaultFileLockManager] Waiting to acquire shared lock on daemon addresses registry.
2022-05-26T22:39:35.789+0900 [DEBUG] [org.gradle.cache.internal.DefaultFileLockManager] Lock acquired on daemon addresses registry.
2022-05-26T22:39:35.790+0900 [DEBUG] [org.gradle.cache.internal.DefaultFileLockManager] Releasing lock on daemon addresses registry.
2022-05-26T22:39:35.792+0900 [DEBUG] [org.gradle.cache.internal.DefaultFileLockManager] Waiting to acquire shared lock on daemon addresses registry.
2022-05-26T22:39:35.793+0900 [DEBUG] [org.gradle.cache.internal.DefaultFileLockManager] Lock acquired on daemon addresses registry.
2022-05-26T22:39:35.794+0900 [DEBUG] [org.gradle.cache.internal.DefaultFileLockManager] Releasing lock on daemon addresses registry.
2022-05-26T22:39:35.796+0900 [DEBUG] [org.gradle.cache.internal.DefaultFileLockManager] Waiting to acquire shared lock on daemon addresses registry.
2022-05-26T22:39:35.796+0900 [DEBUG] [org.gradle.cache.internal.DefaultFileLockManager] Lock acquired on daemon addresses registry.
2022-05-26T22:39:35.797+0900 [DEBUG] [org.gradle.cache.internal.DefaultFileLockManager] Releasing lock on daemon addresses registry.
2022-05-26T22:39:36.234+0900 [DEBUG] [org.gradle.process.internal.health.memory.DefaultMemoryManager] 1683725516 memory requested, 1460359168 free
2022-05-26T22:39:36.235+0900 [DEBUG] [org.gradle.workers.internal.WorkerDaemonExpiration] Will attempt to release 1605 of memory
2022-05-26T22:39:36.235+0900 [DEBUG] [org.gradle.process.internal.health.memory.DefaultMemoryManager] 1683725516 memory requested, 0 released, 1460359168 free
2022-05-26T22:39:41.246+0900 [DEBUG] [org.gradle.process.internal.health.memory.DefaultMemoryManager] 1683725516 memory requested, 1460834304 free
2022-05-26T22:39:41.246+0900 [DEBUG] [org.gradle.workers.internal.WorkerDaemonExpiration] Will attempt to release 1605 of memory
2022-05-26T22:39:41.247+0900 [DEBUG] [org.gradle.process.internal.health.memory.DefaultMemoryManager] 1683725516 memory requested, 0 released, 1460834304 free
2022-05-26T22:39:45.799+0900 [DEBUG] [org.gradle.cache.internal.DefaultFileLockManager] Waiting to acquire shared lock on daemon addresses registry.
2022-05-26T22:39:45.800+0900 [DEBUG] [org.gradle.cache.internal.DefaultFileLockManager] Lock acquired on daemon addresses registry.
2022-05-26T22:39:45.801+0900 [DEBUG] [org.gradle.cache.internal.DefaultFileLockManager] Releasing lock on daemon addresses registry.
2022-05-26T22:39:45.805+0900 [DEBUG] [org.gradle.cache.internal.DefaultFileLockManager] Waiting to acquire shared lock on daemon addresses registry.
2022-05-26T22:39:45.805+0900 [DEBUG] [org.gradle.cache.internal.DefaultFileLockManager] Lock acquired on daemon addresses registry.
2022-05-26T22:39:45.808+0900 [DEBUG] [org.gradle.cache.internal.DefaultFileLockManager] Releasing lock on daemon addresses registry.
2022-05-26T22:39:45.810+0900 [DEBUG] [org.gradle.cache.internal.DefaultFileLockManager] Waiting to acquire shared lock on daemon addresses registry.
2022-05-26T22:39:45.813+0900 [DEBUG] [org.gradle.cache.internal.DefaultFileLockManager] Lock acquired on daemon addresses registry.
2022-05-26T22:39:45.816+0900 [DEBUG] [org.gradle.cache.internal.DefaultFileLockManager] Releasing lock on daemon addresses registry.
2022-05-26T22:39:46.243+0900 [DEBUG] [org.gradle.process.internal.health.memory.DefaultMemoryManager] 1683725516 memory requested, 1392963584 free
2022-05-26T22:39:46.244+0900 [DEBUG] [org.gradle.workers.internal.WorkerDaemonExpiration] Will attempt to release 1605 of memory
2022-05-26T22:39:46.244+0900 [DEBUG] [org.gradle.process.internal.health.memory.DefaultMemoryManager] 1683725516 memory requested, 0 released, 1392963584 free
2022-05-26T22:39:51.238+0900 [DEBUG] [org.gradle.process.internal.health.memory.DefaultMemoryManager] 1683725516 memory requested, 1409290240 free
2022-05-26T22:39:51.239+0900 [DEBUG] [org.gradle.workers.internal.WorkerDaemonExpiration] Will attempt to release 1605 of memory
2022-05-26T22:39:51.239+0900 [DEBUG] [org.gradle.process.internal.health.memory.DefaultMemoryManager] 1683725516 memory requested, 0 released, 1409290240 free
2022-05-26T22:39:55.786+0900 [DEBUG] [org.gradle.cache.internal.DefaultFileLockManager] Waiting to acquire shared lock on daemon addresses registry.
2022-05-26T22:39:55.787+0900 [DEBUG] [org.gradle.cache.internal.DefaultFileLockManager] Lock acquired on daemon addresses registry.
2022-05-26T22:39:55.788+0900 [DEBUG] [org.gradle.cache.internal.DefaultFileLockManager] Releasing lock on daemon addresses registry.
2022-05-26T22:39:55.790+0900 [DEBUG] [org.gradle.cache.internal.DefaultFileLockManager] Waiting to acquire shared lock on daemon addresses registry.
2022-05-26T22:39:55.791+0900 [DEBUG] [org.gradle.cache.internal.DefaultFileLockManager] Lock acquired on daemon addresses registry.
2022-05-26T22:39:55.792+0900 [DEBUG] [org.gradle.cache.internal.DefaultFileLockManager] Releasing lock on daemon addresses registry.
2022-05-26T22:39:55.793+0900 [DEBUG] [org.gradle.cache.internal.DefaultFileLockManager] Waiting to acquire shared lock on daemon addresses registry.
2022-05-26T22:39:55.794+0900 [DEBUG] [org.gradle.cache.internal.DefaultFileLockManager] Lock acquired on daemon addresses registry.
2022-05-26T22:39:55.794+0900 [DEBUG] [org.gradle.cache.internal.DefaultFileLockManager] Releasing lock on daemon addresses registry.
2022-05-26T22:39:56.237+0900 [DEBUG] [org.gradle.process.internal.health.memory.DefaultMemoryManager] 1683725516 memory requested, 1435709440 free
2022-05-26T22:39:56.238+0900 [DEBUG] [org.gradle.workers.internal.WorkerDaemonExpiration] Will attempt to release 1605 of memory
2022-05-26T22:39:56.238+0900 [DEBUG] [org.gradle.process.internal.health.memory.DefaultMemoryManager] 1683725516 memory requested, 0 released, 1435709440 free
2022-05-26T22:40:01.243+0900 [DEBUG] [org.gradle.process.internal.health.memory.DefaultMemoryManager] 1683725516 memory requested, 1427333120 free
2022-05-26T22:40:01.244+0900 [DEBUG] [org.gradle.workers.internal.WorkerDaemonExpiration] Will attempt to release 1605 of memory
2022-05-26T22:40:01.244+0900 [DEBUG] [org.gradle.process.internal.health.memory.DefaultMemoryManager] 1683725516 memory requested, 0 released, 1427333120 free
2022-05-26T22:40:05.789+0900 [DEBUG] [org.gradle.cache.internal.DefaultFileLockManager] Waiting to acquire shared lock on daemon addresses registry.
2022-05-26T22:40:05.789+0900 [DEBUG] [org.gradle.cache.internal.DefaultFileLockManager] Lock acquired on daemon addresses registry.
2022-05-26T22:40:05.790+0900 [DEBUG] [org.gradle.cache.internal.DefaultFileLockManager] Releasing lock on daemon addresses registry.
2022-05-26T22:40:05.793+0900 [DEBUG] [org.gradle.cache.internal.DefaultFileLockManager] Waiting to acquire shared lock on daemon addresses registry.
2022-05-26T22:40:05.793+0900 [DEBUG] [org.gradle.cache.internal.DefaultFileLockManager] Lock acquired on daemon addresses registry.
2022-05-26T22:40:05.794+0900 [DEBUG] [org.gradle.cache.internal.DefaultFileLockManager] Releasing lock on daemon addresses registry.
2022-05-26T22:40:05.796+0900 [DEBUG] [org.gradle.cache.internal.DefaultFileLockManager] Waiting to acquire shared lock on daemon addresses registry.
2022-05-26T22:40:05.796+0900 [DEBUG] [org.gradle.cache.internal.DefaultFileLockManager] Lock acquired on daemon addresses registry.
2022-05-26T22:40:05.797+0900 [DEBUG] [org.gradle.cache.internal.DefaultFileLockManager] Releasing lock on daemon addresses registry.
2022-05-26T22:40:06.237+0900 [DEBUG] [org.gradle.process.internal.health.memory.DefaultMemoryManager] 1683725516 memory requested, 1442279424 free
2022-05-26T22:40:06.237+0900 [DEBUG] [org.gradle.workers.internal.WorkerDaemonExpiration] Will attempt to release 1605 of memory
2022-05-26T22:40:06.238+0900 [DEBUG] [org.gradle.process.internal.health.memory.DefaultMemoryManager] 1683725516 memory requested, 0 released, 1442279424 free
2022-05-26T22:40:11.240+0900 [DEBUG] [org.gradle.process.internal.health.memory.DefaultMemoryManager] 1683725516 memory requested, 1444392960 free
2022-05-26T22:40:11.241+0900 [DEBUG] [org.gradle.workers.internal.WorkerDaemonExpiration] Will attempt to release 1605 of memory
2022-05-26T22:40:11.242+0900 [DEBUG] [org.gradle.process.internal.health.memory.DefaultMemoryManager] 1683725516 memory requested, 0 released, 1444392960 free
2022-05-26T22:40:15.788+0900 [DEBUG] [org.gradle.cache.internal.DefaultFileLockManager] Waiting to acquire shared lock on daemon addresses registry.
2022-05-26T22:40:15.788+0900 [DEBUG] [org.gradle.cache.internal.DefaultFileLockManager] Lock acquired on daemon addresses registry.
2022-05-26T22:40:15.789+0900 [DEBUG] [org.gradle.cache.internal.DefaultFileLockManager] Releasing lock on daemon addresses registry.
2022-05-26T22:40:15.792+0900 [DEBUG] [org.gradle.cache.internal.DefaultFileLockManager] Waiting to acquire shared lock on daemon addresses registry.
2022-05-26T22:40:15.792+0900 [DEBUG] [org.gradle.cache.internal.DefaultFileLockManager] Lock acquired on daemon addresses registry.
2022-05-26T22:40:15.793+0900 [DEBUG] [org.gradle.cache.internal.DefaultFileLockManager] Releasing lock on daemon addresses registry.
2022-05-26T22:40:15.795+0900 [DEBUG] [org.gradle.cache.internal.DefaultFileLockManager] Waiting to acquire shared lock on daemon addresses registry.
2022-05-26T22:40:15.795+0900 [DEBUG] [org.gradle.cache.internal.DefaultFileLockManager] Lock acquired on daemon addresses registry.
2022-05-26T22:40:15.796+0900 [DEBUG] [org.gradle.cache.internal.DefaultFileLockManager] Releasing lock on daemon addresses registry.
2022-05-26T22:40:16.235+0900 [DEBUG] [org.gradle.process.internal.health.memory.DefaultMemoryManager] 1683725516 memory requested, 1447981056 free
2022-05-26T22:40:16.235+0900 [DEBUG] [org.gradle.workers.internal.WorkerDaemonExpiration] Will attempt to release 1605 of memory
2022-05-26T22:40:16.236+0900 [DEBUG] [org.gradle.process.internal.health.memory.DefaultMemoryManager] 1683725516 memory requested, 0 released, 1447981056 free
2022-05-26T22:40:21.249+0900 [DEBUG] [org.gradle.process.internal.health.memory.DefaultMemoryManager] 1683725516 memory requested, 1447231488 free
2022-05-26T22:40:21.250+0900 [DEBUG] [org.gradle.workers.internal.WorkerDaemonExpiration] Will attempt to release 1605 of memory
2022-05-26T22:40:21.250+0900 [DEBUG] [org.gradle.process.internal.health.memory.DefaultMemoryManager] 1683725516 memory requested, 0 released, 1447231488 free
2022-05-26T22:40:25.783+0900 [DEBUG] [org.gradle.cache.internal.DefaultFileLockManager] Waiting to acquire shared lock on daemon addresses registry.
2022-05-26T22:40:25.783+0900 [DEBUG] [org.gradle.cache.internal.DefaultFileLockManager] Lock acquired on daemon addresses registry.
2022-05-26T22:40:25.784+0900 [DEBUG] [org.gradle.cache.internal.DefaultFileLockManager] Releasing lock on daemon addresses registry.
2022-05-26T22:40:25.787+0900 [DEBUG] [org.gradle.cache.internal.DefaultFileLockManager] Waiting to acquire shared lock on daemon addresses registry.
2022-05-26T22:40:25.788+0900 [DEBUG] [org.gradle.cache.internal.DefaultFileLockManager] Lock acquired on daemon addresses registry.
2022-05-26T22:40:25.789+0900 [DEBUG] [org.gradle.cache.internal.DefaultFileLockManager] Releasing lock on daemon addresses registry.
2022-05-26T22:40:25.791+0900 [DEBUG] [org.gradle.cache.internal.DefaultFileLockManager] Waiting to acquire shared lock on daemon addresses registry.
2022-05-26T22:40:25.792+0900 [DEBUG] [org.gradle.cache.internal.DefaultFileLockManager] Lock acquired on daemon addresses registry.
2022-05-26T22:40:25.793+0900 [DEBUG] [org.gradle.cache.internal.DefaultFileLockManager] Releasing lock on daemon addresses registry.
2022-05-26T22:40:26.246+0900 [DEBUG] [org.gradle.process.internal.health.memory.DefaultMemoryManager] 1683725516 memory requested, 1422913536 free
2022-05-26T22:40:26.246+0900 [DEBUG] [org.gradle.workers.internal.WorkerDaemonExpiration] Will attempt to release 1605 of memory
2022-05-26T22:40:26.247+0900 [DEBUG] [org.gradle.process.internal.health.memory.DefaultMemoryManager] 1683725516 memory requested, 0 released, 1422913536 free
2022-05-26T22:40:31.239+0900 [DEBUG] [org.gradle.process.internal.health.memory.DefaultMemoryManager] 1683725516 memory requested, 1282756608 free
2022-05-26T22:40:31.239+0900 [DEBUG] [org.gradle.workers.internal.WorkerDaemonExpiration] Will attempt to release 1605 of memory
2022-05-26T22:40:31.239+0900 [DEBUG] [org.gradle.process.internal.health.memory.DefaultMemoryManager] 1683725516 memory requested, 0 released, 1282756608 free
2022-05-26T22:40:35.776+0900 [DEBUG] [org.gradle.cache.internal.DefaultFileLockManager] Waiting to acquire shared lock on daemon addresses registry.
2022-05-26T22:40:35.776+0900 [DEBUG] [org.gradle.cache.internal.DefaultFileLockManager] Lock acquired on daemon addresses registry.
2022-05-26T22:40:35.776+0900 [DEBUG] [org.gradle.cache.internal.DefaultFileLockManager] Releasing lock on daemon addresses registry.
2022-05-26T22:40:35.777+0900 [DEBUG] [org.gradle.cache.internal.DefaultFileLockManager] Waiting to acquire shared lock on daemon addresses registry.
2022-05-26T22:40:35.777+0900 [DEBUG] [org.gradle.cache.internal.DefaultFileLockManager] Lock acquired on daemon addresses registry.
2022-05-26T22:40:35.777+0900 [DEBUG] [org.gradle.cache.internal.DefaultFileLockManager] Releasing lock on daemon addresses registry.
2022-05-26T22:40:35.778+0900 [DEBUG] [org.gradle.cache.internal.DefaultFileLockManager] Waiting to acquire shared lock on daemon addresses registry.
2022-05-26T22:40:35.778+0900 [DEBUG] [org.gradle.cache.internal.DefaultFileLockManager] Lock acquired on daemon addresses registry.
2022-05-26T22:40:35.778+0900 [DEBUG] [org.gradle.cache.internal.DefaultFileLockManager] Releasing lock on daemon addresses registry.
2022-05-26T22:40:36.238+0900 [DEBUG] [org.gradle.process.internal.health.memory.DefaultMemoryManager] 1683725516 memory requested, 969609216 free
2022-05-26T22:40:36.238+0900 [DEBUG] [org.gradle.workers.internal.WorkerDaemonExpiration] Will attempt to release 1605 of memory
2022-05-26T22:40:36.238+0900 [DEBUG] [org.gradle.process.internal.health.memory.DefaultMemoryManager] 1683725516 memory requested, 0 released, 969609216 free
2022-05-26T22:40:41.246+0900 [DEBUG] [org.gradle.process.internal.health.memory.DefaultMemoryManager] 1683725516 memory requested, 1155715072 free
2022-05-26T22:40:41.247+0900 [DEBUG] [org.gradle.workers.internal.WorkerDaemonExpiration] Will attempt to release 1605 of memory
2022-05-26T22:40:41.247+0900 [DEBUG] [org.gradle.process.internal.health.memory.DefaultMemoryManager] 1683725516 memory requested, 0 released, 1155715072 free
2022-05-26T22:40:45.389+0900 [DEBUG] [org.gradle.internal.remote.internal.inet.TcpIncomingConnector] Accepted connection from /127.0.0.1:1625 to /127.0.0.1:1308.
2022-05-26T22:40:45.394+0900 [DEBUG] [org.gradle.launcher.daemon.server.SynchronizedDispatchConnection] thread 177: received class org.gradle.launcher.daemon.protocol.StopWhenIdle
2022-05-26T22:40:45.394+0900 [DEBUG] [org.gradle.launcher.daemon.server.DefaultDaemonConnection] thread 177: Received non-IO message from client: StopWhenIdle[id=e86a8a29-db9c-469f-aa9a-f66a1e424f27]
2022-05-26T22:40:45.394+0900 [INFO] [org.gradle.launcher.daemon.server.DefaultIncomingConnectionHandler] Received command: StopWhenIdle[id=e86a8a29-db9c-469f-aa9a-f66a1e424f27].
2022-05-26T22:40:45.394+0900 [DEBUG] [org.gradle.launcher.daemon.server.DefaultIncomingConnectionHandler] Starting executing command: StopWhenIdle[id=e86a8a29-db9c-469f-aa9a-f66a1e424f27] with connection: socket connection from /127.0.0.1:1308 to /127.0.0.1:1625.
2022-05-26T22:40:45.395+0900 [DEBUG] [org.gradle.launcher.daemon.server.DaemonRegistryUpdater] Storing daemon stop event: stop command received
2022-05-26T22:40:45.396+0900 [DEBUG] [org.gradle.launcher.daemon.registry.PersistentDaemonRegistry] Storing daemon stop event with timestamp 1653572445395
2022-05-26T22:40:45.398+0900 [DEBUG] [org.gradle.cache.internal.DefaultFileLockManager] Waiting to acquire exclusive lock on daemon addresses registry.
2022-05-26T22:40:45.398+0900 [DEBUG] [org.gradle.cache.internal.DefaultFileLockManager] Lock acquired on daemon addresses registry.
2022-05-26T22:40:45.401+0900 [DEBUG] [org.gradle.cache.internal.DefaultFileLockManager] Releasing lock on daemon addresses registry.
2022-05-26T22:40:45.402+0900 [LIFECYCLE] [org.gradle.launcher.daemon.server.DaemonStateCoordinator] Daemon will be stopped at the end of the build stop command received
2022-05-26T22:40:45.402+0900 [DEBUG] [org.gradle.launcher.daemon.server.DaemonStateCoordinator] Marking daemon stopped due to stop command received. The daemon is running a build: false
2022-05-26T22:40:45.402+0900 [DEBUG] [org.gradle.launcher.daemon.server.DaemonStateCoordinator] daemon has stopped.
2022-05-26T22:40:45.402+0900 [DEBUG] [org.gradle.launcher.daemon.server.SynchronizedDispatchConnection] thread 176: dispatching Success[value=null]
2022-05-26T22:40:45.402+0900 [DEBUG] [org.gradle.launcher.daemon.server.Daemon] stop() called on daemon
2022-05-26T22:40:45.403+0900 [INFO] [org.gradle.launcher.daemon.server.Daemon] Stop requested. Daemon is removing its presence from the registry...
2022-05-26T22:40:45.403+0900 [DEBUG] [org.gradle.launcher.daemon.server.DaemonRegistryUpdater] Removing our presence to clients, eg. removing this address from the registry: [7cc935ea-7d78-4f47-8ad7-b5764c85cdc6 port:1308, addresses:[localhost/127.0.0.1]]
2022-05-26T22:40:45.403+0900 [DEBUG] [org.gradle.launcher.daemon.server.SynchronizedDispatchConnection] thread 177: received class org.gradle.launcher.daemon.protocol.Finished
2022-05-26T22:40:45.403+0900 [DEBUG] [org.gradle.launcher.daemon.server.DefaultDaemonConnection] thread 177: Received non-IO message from client: org.gradle.launcher.daemon.protocol.Finished@4f3800f0
2022-05-26T22:40:45.403+0900 [DEBUG] [org.gradle.launcher.daemon.server.DefaultIncomingConnectionHandler] Finishing executing command: StopWhenIdle[id=e86a8a29-db9c-469f-aa9a-f66a1e424f27]
2022-05-26T22:40:45.403+0900 [DEBUG] [org.gradle.launcher.daemon.registry.PersistentDaemonRegistry] Removing daemon address: [7cc935ea-7d78-4f47-8ad7-b5764c85cdc6 port:1308, addresses:[localhost/127.0.0.1]]
2022-05-26T22:40:45.403+0900 [DEBUG] [org.gradle.launcher.daemon.server.DefaultIncomingConnectionHandler] Received finished message: org.gradle.launcher.daemon.protocol.Finished@4f3800f0
2022-05-26T22:40:45.403+0900 [DEBUG] [org.gradle.internal.remote.internal.inet.SocketConnection] Discarding EOFException: java.io.EOFException
2022-05-26T22:40:45.404+0900 [DEBUG] [org.gradle.launcher.daemon.server.SynchronizedDispatchConnection] thread 176: stopping connection
2022-05-26T22:40:45.404+0900 [DEBUG] [org.gradle.launcher.daemon.server.SynchronizedDispatchConnection] thread 177: received null
2022-05-26T22:40:45.404+0900 [DEBUG] [org.gradle.launcher.daemon.server.DefaultDaemonConnection] thread 177: Received end-of-input from client.
2022-05-26T22:40:45.405+0900 [DEBUG] [org.gradle.launcher.daemon.server.SynchronizedDispatchConnection] thread 176: stopping connection
2022-05-26T22:40:45.407+0900 [DEBUG] [org.gradle.cache.internal.DefaultFileLockManager] Waiting to acquire exclusive lock on daemon addresses registry.
2022-05-26T22:40:45.407+0900 [DEBUG] [org.gradle.cache.internal.DefaultFileLockManager] Lock acquired on daemon addresses registry.
2022-05-26T22:40:45.412+0900 [DEBUG] [org.gradle.cache.internal.DefaultFileLockManager] Releasing lock on daemon addresses registry.
2022-05-26T22:40:45.412+0900 [DEBUG] [org.gradle.launcher.daemon.server.DaemonRegistryUpdater] Address removed from registry.
2022-05-26T22:40:45.414+0900 [DEBUG] [org.gradle.cache.internal.LockOnDemandCrossProcessCacheAccess] Releasing file lock for jars (C:\Users\mzmzk\AndroidStudioProjects\mannayo\gradle\wrapper\caches\jars-9)
2022-05-26T22:40:45.415+0900 [DEBUG] [org.gradle.cache.internal.DefaultFileLockManager] Releasing lock on jars (C:\Users\mzmzk\AndroidStudioProjects\mannayo\gradle\wrapper\caches\jars-9).
2022-05-26T22:40:45.416+0900 [DEBUG] [org.gradle.cache.internal.DefaultPersistentDirectoryStore] jars (C:\Users\mzmzk\AndroidStudioProjects\mannayo\gradle\wrapper\caches\jars-9) has last been fully cleaned up 32 hours ago
2022-05-26T22:40:45.426+0900 [INFO] [org.gradle.cache.internal.AbstractCacheCleanup] jars (C:\Users\mzmzk\AndroidStudioProjects\mannayo\gradle\wrapper\caches\jars-9) cleanup deleted 0 files/directories.
2022-05-26T22:40:45.426+0900 [INFO] [org.gradle.cache.internal.LeastRecentlyUsedCacheCleanup] jars (C:\Users\mzmzk\AndroidStudioProjects\mannayo\gradle\wrapper\caches\jars-9) removing files not accessed on or after Thu May 19 22:37:16 KST 2022.
2022-05-26T22:40:45.434+0900 [INFO] [org.gradle.cache.internal.AbstractCacheCleanup] jars (C:\Users\mzmzk\AndroidStudioProjects\mannayo\gradle\wrapper\caches\jars-9) cleanup deleted 0 files/directories.
2022-05-26T22:40:45.436+0900 [INFO] [org.gradle.cache.internal.DefaultPersistentDirectoryStore] jars (C:\Users\mzmzk\AndroidStudioProjects\mannayo\gradle\wrapper\caches\jars-9) cleaned up in 0.02 secs.
2022-05-26T22:40:45.443+0900 [DEBUG] [org.gradle.cache.internal.LockOnDemandCrossProcessCacheAccess] Releasing file lock for file content cache (C:\Users\mzmzk\AndroidStudioProjects\mannayo\gradle\wrapper\caches\7.3.3\fileContent)
2022-05-26T22:40:45.443+0900 [DEBUG] [org.gradle.cache.internal.btree.BTreePersistentIndexedCache] Closing cache annotation-processors.bin (C:\Users\mzmzk\AndroidStudioProjects\mannayo\gradle\wrapper\caches\7.3.3\fileContent\annotation-processors.bin)
2022-05-26T22:40:45.444+0900 [DEBUG] [org.gradle.cache.internal.DefaultFileLockManager] Releasing lock on file content cache (C:\Users\mzmzk\AndroidStudioProjects\mannayo\gradle\wrapper\caches\7.3.3\fileContent).
2022-05-26T22:40:45.444+0900 [DEBUG] [org.gradle.internal.watch.vfs.impl.WatchingVirtualFileSystem] Closing VFS, dropping state
2022-05-26T22:40:45.446+0900 [DEBUG] [org.gradle.cache.internal.LockOnDemandCrossProcessCacheAccess] Releasing file lock for Artifact transforms cache (C:\Users\mzmzk\AndroidStudioProjects\mannayo\gradle\wrapper\caches\transforms-3)
2022-05-26T22:40:45.446+0900 [DEBUG] [org.gradle.cache.internal.DefaultFileLockManager] Releasing lock on Artifact transforms cache (C:\Users\mzmzk\AndroidStudioProjects\mannayo\gradle\wrapper\caches\transforms-3).
2022-05-26T22:40:45.446+0900 [DEBUG] [org.gradle.internal.watch.registry.impl.DefaultFileWatcherRegistry] Finished listening to file system change events
2022-05-26T22:40:45.448+0900 [DEBUG] [org.gradle.cache.internal.DefaultPersistentDirectoryStore] Artifact transforms cache (C:\Users\mzmzk\AndroidStudioProjects\mannayo\gradle\wrapper\caches\transforms-3) has last been fully cleaned up 32 hours ago
2022-05-26T22:40:45.448+0900 [INFO] [org.gradle.cache.internal.LeastRecentlyUsedCacheCleanup] Artifact transforms cache (C:\Users\mzmzk\AndroidStudioProjects\mannayo\gradle\wrapper\caches\transforms-3) removing files not accessed on or after Thu May 19 22:37:17 KST 2022.
2022-05-26T22:40:45.480+0900 [INFO] [org.gradle.cache.internal.AbstractCacheCleanup] Artifact transforms cache (C:\Users\mzmzk\AndroidStudioProjects\mannayo\gradle\wrapper\caches\transforms-3) cleanup deleted 0 files/directories.
2022-05-26T22:40:45.481+0900 [INFO] [org.gradle.cache.internal.DefaultPersistentDirectoryStore] Artifact transforms cache (C:\Users\mzmzk\AndroidStudioProjects\mannayo\gradle\wrapper\caches\transforms-3) cleaned up in 0.032 secs.
2022-05-26T22:40:45.481+0900 [DEBUG] [org.gradle.cache.internal.LockOnDemandCrossProcessCacheAccess] Releasing file lock for artifact cache (C:\Users\mzmzk\AndroidStudioProjects\mannayo\gradle\wrapper\caches\modules-2)
2022-05-26T22:40:45.481+0900 [DEBUG] [org.gradle.cache.internal.btree.BTreePersistentIndexedCache] Closing cache module-metadata.bin (C:\Users\mzmzk\AndroidStudioProjects\mannayo\gradle\wrapper\caches\modules-2\metadata-2.97\module-metadata.bin)
2022-05-26T22:40:45.481+0900 [DEBUG] [org.gradle.cache.internal.btree.BTreePersistentIndexedCache] Closing cache module-artifact.bin (C:\Users\mzmzk\AndroidStudioProjects\mannayo\gradle\wrapper\caches\modules-2\metadata-2.97\module-artifact.bin)
2022-05-26T22:40:45.482+0900 [DEBUG] [org.gradle.cache.internal.btree.BTreePersistentIndexedCache] Closing cache module-artifacts.bin (C:\Users\mzmzk\AndroidStudioProjects\mannayo\gradle\wrapper\caches\modules-2\metadata-2.97\module-artifacts.bin)
2022-05-26T22:40:45.482+0900 [DEBUG] [org.gradle.cache.internal.btree.BTreePersistentIndexedCache] Closing cache module-versions.bin (C:\Users\mzmzk\AndroidStudioProjects\mannayo\gradle\wrapper\caches\modules-2\metadata-2.97\module-versions.bin)
2022-05-26T22:40:45.482+0900 [DEBUG] [org.gradle.cache.internal.DefaultFileLockManager] Releasing lock on artifact cache (C:\Users\mzmzk\AndroidStudioProjects\mannayo\gradle\wrapper\caches\modules-2).
2022-05-26T22:40:45.483+0900 [DEBUG] [org.gradle.cache.internal.DefaultPersistentDirectoryStore] artifact cache (C:\Users\mzmzk\AndroidStudioProjects\mannayo\gradle\wrapper\caches\modules-2) has last been fully cleaned up 32 hours ago
2022-05-26T22:40:45.485+0900 [INFO] [org.gradle.cache.internal.AbstractCacheCleanup] artifact cache (C:\Users\mzmzk\AndroidStudioProjects\mannayo\gradle\wrapper\caches\modules-2) cleanup deleted 0 files/directories.
2022-05-26T22:40:45.487+0900 [INFO] [org.gradle.cache.internal.AbstractCacheCleanup] artifact cache (C:\Users\mzmzk\AndroidStudioProjects\mannayo\gradle\wrapper\caches\modules-2) [subdir: C:\Users\mzmzk\AndroidStudioProjects\mannayo\gradle\wrapper\caches\modules-2\resources-2.1] cleanup deleted 0 files/directories.
2022-05-26T22:40:45.487+0900 [INFO] [org.gradle.cache.internal.LeastRecentlyUsedCacheCleanup] artifact cache (C:\Users\mzmzk\AndroidStudioProjects\mannayo\gradle\wrapper\caches\modules-2) [subdir: C:\Users\mzmzk\AndroidStudioProjects\mannayo\gradle\wrapper\caches\modules-2\resources-2.1] removing files not accessed on or after Tue Apr 26 22:37:19 KST 2022.
2022-05-26T22:40:45.488+0900 [INFO] [org.gradle.cache.internal.AbstractCacheCleanup] artifact cache (C:\Users\mzmzk\AndroidStudioProjects\mannayo\gradle\wrapper\caches\modules-2) [subdir: C:\Users\mzmzk\AndroidStudioProjects\mannayo\gradle\wrapper\caches\modules-2\resources-2.1] cleanup deleted 0 files/directories.
2022-05-26T22:40:45.489+0900 [INFO] [org.gradle.cache.internal.AbstractCacheCleanup] artifact cache (C:\Users\mzmzk\AndroidStudioProjects\mannayo\gradle\wrapper\caches\modules-2) [subdir: C:\Users\mzmzk\AndroidStudioProjects\mannayo\gradle\wrapper\caches\modules-2\files-2.1] cleanup deleted 0 files/directories.
2022-05-26T22:40:45.489+0900 [INFO] [org.gradle.cache.internal.LeastRecentlyUsedCacheCleanup] artifact cache (C:\Users\mzmzk\AndroidStudioProjects\mannayo\gradle\wrapper\caches\modules-2) [subdir: C:\Users\mzmzk\AndroidStudioProjects\mannayo\gradle\wrapper\caches\modules-2\files-2.1] removing files not accessed on or after Tue Apr 26 22:37:19 KST 2022.
2022-05-26T22:40:45.749+0900 [INFO] [org.gradle.cache.internal.AbstractCacheCleanup] artifact cache (C:\Users\mzmzk\AndroidStudioProjects\mannayo\gradle\wrapper\caches\modules-2) [subdir: C:\Users\mzmzk\AndroidStudioProjects\mannayo\gradle\wrapper\caches\modules-2\files-2.1] cleanup deleted 0 files/directories.
2022-05-26T22:40:45.751+0900 [INFO] [org.gradle.cache.internal.AbstractCacheCleanup] artifact cache (C:\Users\mzmzk\AndroidStudioProjects\mannayo\gradle\wrapper\caches\modules-2) [subdir: C:\Users\mzmzk\AndroidStudioProjects\mannayo\gradle\wrapper\caches\modules-2\metadata-2.97] cleanup deleted 0 files/directories.
2022-05-26T22:40:45.752+0900 [INFO] [org.gradle.cache.internal.DefaultPersistentDirectoryStore] artifact cache (C:\Users\mzmzk\AndroidStudioProjects\mannayo\gradle\wrapper\caches\modules-2) cleaned up in 0.268 secs.
2022-05-26T22:40:45.752+0900 [DEBUG] [org.gradle.cache.internal.LockOnDemandCrossProcessCacheAccess] Releasing file lock for journal cache (C:\Users\mzmzk\AndroidStudioProjects\mannayo\gradle\wrapper\caches\journal-1)
2022-05-26T22:40:45.752+0900 [DEBUG] [org.gradle.cache.internal.btree.BTreePersistentIndexedCache] Closing cache file-access.bin (C:\Users\mzmzk\AndroidStudioProjects\mannayo\gradle\wrapper\caches\journal-1\file-access.bin)
2022-05-26T22:40:45.752+0900 [DEBUG] [org.gradle.cache.internal.DefaultFileLockManager] Releasing lock on journal cache (C:\Users\mzmzk\AndroidStudioProjects\mannayo\gradle\wrapper\caches\journal-1).
2022-05-26T22:40:45.753+0900 [DEBUG] [org.gradle.cache.internal.LockOnDemandCrossProcessCacheAccess] Releasing file lock for file hash cache (C:\Users\mzmzk\AndroidStudioProjects\mannayo\gradle\wrapper\caches\7.3.3\fileHashes)
2022-05-26T22:40:45.753+0900 [DEBUG] [org.gradle.cache.internal.btree.BTreePersistentIndexedCache] Closing cache fileHashes.bin (C:\Users\mzmzk\AndroidStudioProjects\mannayo\gradle\wrapper\caches\7.3.3\fileHashes\fileHashes.bin)
2022-05-26T22:40:45.753+0900 [DEBUG] [org.gradle.cache.internal.btree.BTreePersistentIndexedCache] Closing cache resourceHashesCache.bin (C:\Users\mzmzk\AndroidStudioProjects\mannayo\gradle\wrapper\caches\7.3.3\fileHashes\resourceHashesCache.bin)
2022-05-26T22:40:45.754+0900 [DEBUG] [org.gradle.cache.internal.DefaultFileLockManager] Releasing lock on file hash cache (C:\Users\mzmzk\AndroidStudioProjects\mannayo\gradle\wrapper\caches\7.3.3\fileHashes).
2022-05-26T22:40:45.754+0900 [DEBUG] [org.gradle.cache.internal.DefaultCacheAccess] Cache Generated Gradle JARs cache (C:\Users\mzmzk\AndroidStudioProjects\mannayo\gradle\wrapper\caches\7.3.3\generated-gradle-jars) was closed 0 times.
2022-05-26T22:40:45.754+0900 [DEBUG] [org.gradle.cache.internal.LockOnDemandCrossProcessCacheAccess] Releasing file lock for execution history cache (C:\Users\mzmzk\AndroidStudioProjects\mannayo\gradle\wrapper\caches\7.3.3\executionHistory)
2022-05-26T22:40:45.755+0900 [DEBUG] [org.gradle.cache.internal.btree.BTreePersistentIndexedCache] Closing cache executionHistory.bin (C:\Users\mzmzk\AndroidStudioProjects\mannayo\gradle\wrapper\caches\7.3.3\executionHistory\executionHistory.bin)
2022-05-26T22:40:45.755+0900 [DEBUG] [org.gradle.cache.internal.DefaultFileLockManager] Releasing lock on execution history cache (C:\Users\mzmzk\AndroidStudioProjects\mannayo\gradle\wrapper\caches\7.3.3\executionHistory).
2022-05-26T22:40:45.755+0900 [DEBUG] [org.gradle.cache.internal.LockOnDemandCrossProcessCacheAccess] Releasing file lock for Java compile cache (C:\Users\mzmzk\AndroidStudioProjects\mannayo\gradle\wrapper\caches\7.3.3\javaCompile)
2022-05-26T22:40:45.755+0900 [DEBUG] [org.gradle.cache.internal.btree.BTreePersistentIndexedCache] Closing cache jarAnalysis.bin (C:\Users\mzmzk\AndroidStudioProjects\mannayo\gradle\wrapper\caches\7.3.3\javaCompile\jarAnalysis.bin)
2022-05-26T22:40:45.756+0900 [DEBUG] [org.gradle.cache.internal.btree.BTreePersistentIndexedCache] Closing cache classAnalysis.bin (C:\Users\mzmzk\AndroidStudioProjects\mannayo\gradle\wrapper\caches\7.3.3\javaCompile\classAnalysis.bin)
2022-05-26T22:40:45.756+0900 [DEBUG] [org.gradle.cache.internal.DefaultFileLockManager] Releasing lock on Java compile cache (C:\Users\mzmzk\AndroidStudioProjects\mannayo\gradle\wrapper\caches\7.3.3\javaCompile).
2022-05-26T22:40:45.761+0900 [DEBUG] [org.gradle.cache.internal.VersionSpecificCacheCleanupAction] Processed version-specific caches at C:\Users\mzmzk\AndroidStudioProjects\mannayo\gradle\wrapper\caches for cleanup in 0.003 secs
2022-05-26T22:40:45.765+0900 [DEBUG] [org.gradle.launcher.daemon.registry.PersistentDaemonRegistry] Removing daemon address: [7cc935ea-7d78-4f47-8ad7-b5764c85cdc6 port:1308, addresses:[localhost/127.0.0.1]]Daemon vm is shutting down... The daemon has exited normally or was terminated in response to a user interrupt.

2022-05-26T22:40:45.766+0900 [DEBUG] [org.gradle.cache.internal.DefaultFileLockManager] Waiting to acquire exclusive lock on daemon addresses registry.
2022-05-26T22:40:45.766+0900 [DEBUG] [org.gradle.cache.internal.DefaultFileLockManager] Lock acquired on daemon addresses registry.
2022-05-26T22:40:45.768+0900 [DEBUG] [org.gradle.cache.internal.DefaultFileLockManager] Releasing lock on daemon addresses registry.
